2024-05-21 09:48:14,446 INFO:Folder first created or already exists.
2024-05-21 09:48:14,447 INFO:Folder second created or already exists.
2024-05-21 09:48:14,447 INFO:Folder third created or already exists.
2024-05-21 09:48:14,447 INFO:Folder fourth created or already exists.
2024-05-21 09:48:14,447 INFO:Folder fifth created or already exists.
2024-05-21 09:48:14,447 INFO:Folder output created or already exists.
2024-05-21 09:48:14,454 INFO:Moved 0SHsZKUkI2iN1Rw4be6E.asm to first.
2024-05-21 09:48:14,457 INFO:Moved 0JAx9gzbC54Q61XBrqc7.asm to second.
2024-05-21 09:48:14,461 INFO:Moved 1HFt83wrBnSQu7cP2WZy.asm to third.
2024-05-21 09:48:14,463 INFO:Moved 2tqQkycVPSxIRGuW3wnh.asm to fourth.
2024-05-21 09:48:14,465 INFO:Moved 0Fu9oETtMW4zlg1ZrUy6.asm to fifth.
2024-05-21 09:48:14,466 INFO:Moved 2FpVtbaHJWAG0ImwTzxU.asm to first.
2024-05-21 09:48:14,468 INFO:Moved 1cdtwSyhmiekLoH7OUEs.asm to second.
2024-05-21 09:48:14,470 INFO:Moved 1GQ4lzmoS3P96jkAKsRn.asm to third.
2024-05-21 09:48:14,472 INFO:Moved 0RvUg8rntNxyDHPJeEYG.asm to fourth.
2024-05-21 09:48:14,473 INFO:Moved 07iSOIG2urUvsMl9E5Rn.asm to fifth.
2024-05-21 09:48:14,475 INFO:Moved 27wyEMFY6QlxGfzpZ3iq.asm to first.
2024-05-21 09:48:14,477 INFO:Moved 0fhnXI9ESr4jgWmkiaTe.asm to second.
2024-05-21 09:48:14,478 INFO:Moved 02zcUmKV16Lya5xqnPGB.asm to third.
2024-05-21 09:48:14,479 INFO:Moved 7KHscjvztoka0QpqYFxb.asm to fourth.
2024-05-21 09:48:14,479 INFO:Moved 0iBaz3krsQ8HuA7cGDSt.asm to fifth.
2024-05-21 09:48:14,479 INFO:Moved 3IZHa2xXVu6KrgNoPd9W.asm to first.
2024-05-21 09:48:14,488 INFO:Moved 0isdESDMzq2K8T6FLPcC.asm to second.
2024-05-21 09:48:14,489 INFO:Moved 0FdOaDWrfBU6TqwCRYxA.asm to third.
2024-05-21 09:48:14,491 INFO:Moved 1Flm7qajnOzdtwBZ29gL.asm to fourth.
2024-05-21 09:48:14,492 INFO:Moved 0HKM38fmCR5DrxoIkBnQ.asm to fifth.
2024-05-21 09:48:14,493 INFO:Moved 0DM3hS6Gg2QVKb1fZydv.asm to first.
2024-05-21 09:48:14,495 INFO:Moved 6OaQhmCAoK3e8qH7NrB5.asm to second.
2024-05-21 09:48:14,496 INFO:Moved 37Og0blzE4WYpZ5c9LMN.asm to third.
2024-05-21 09:48:14,498 INFO:Moved i8WIr0dtVHSGMmwFlcUY.asm to fourth.
2024-05-21 09:48:14,499 INFO:Moved 0IYZltU7uMpaco85PfKr.asm to fifth.
2024-05-21 09:48:14,500 INFO:Moved 1sOzen4EwI3a2UkSJmT5.asm to first.
2024-05-21 09:48:14,502 INFO:Moved 2aHfrLhcPTj5GnFZXUCN.asm to second.
2024-05-21 09:48:14,503 INFO:Moved 1KjZ4An78sOytkzgRL0E.asm to third.
2024-05-21 09:48:14,505 INFO:Moved 5QjzywcSG4XLhNRt8unq.asm to fourth.
2024-05-21 09:48:14,506 INFO:Moved 7W4mwlHBPNdcFaViXsrD.asm to fifth.
2024-05-21 09:48:14,507 INFO:Moved 0IAlcuEiP9G6epb71Oom.asm to first.
2024-05-21 09:48:14,510 INFO:Moved 0bN6ODYWw2xeCQBn3tEg.asm to second.
2024-05-21 09:48:14,511 INFO:Moved 0G2RV1chBlIbkt6JqA5Q.asm to third.
2024-05-21 09:48:14,512 INFO:Moved 2NakDPd4GWEwzuHhTx5o.asm to fourth.
2024-05-21 09:48:14,514 INFO:Moved 8nEhOVz5vMCKpNrBRg2D.asm to fifth.
2024-05-21 09:48:14,515 INFO:Moved 0qPGt4cRVk9NoiJgubf2.asm to first.
2024-05-21 09:48:14,517 INFO:Moved 0pQ123lKqiLJtFTwjBfG.asm to second.
2024-05-21 09:48:14,518 INFO:Moved 1JPWLhrtsalBVpyGSKw5.asm to third.
2024-05-21 09:48:14,520 INFO:Moved 7ptdL0VO1BzPlWXnGHwJ.asm to fourth.
2024-05-21 09:48:14,521 INFO:Moved 09LXtWxm1EbK5uVqcQS3.asm to fifth.
2024-05-21 09:48:14,522 INFO:Moved 2WkGMV9mKJrBAOZL5zdI.asm to first.
2024-05-21 09:48:14,524 INFO:Moved 0IyaidUKRqnt2PDfOzHT.asm to second.
2024-05-21 09:48:14,524 INFO:Moved 0x47zZTBynC21leohIEs.asm to third.
2024-05-21 09:48:14,524 INFO:Moved 0GUIi7xAlODwZ4YBenNM.asm to fourth.
2024-05-21 09:48:14,524 INFO:Moved 0rGlKyvn5Vo67RaDhPti.asm to fifth.
2024-05-21 09:48:14,524 INFO:Moved 2ed6iJbogAU8BIFKkQ4h.asm to first.
2024-05-21 09:48:14,524 INFO:Moved 2LEOmN89p57jGayvcXet.asm to second.
2024-05-21 09:48:14,536 INFO:Moved 2LfPBwRadN3TulW86pvO.asm to third.
2024-05-21 09:48:14,537 INFO:Moved 0otC2dSxuGDzY6XHLkq3.asm to fourth.
2024-05-21 09:48:14,539 INFO:Moved 0daTri9PSkeEsVHu5Dhw.asm to fifth.
2024-05-21 09:48:14,542 INFO:Moved 15uCdAByiF48LpZ3YS6Q.asm to first.
2024-05-21 09:48:14,545 INFO:Moved 0pnRqtHF3dKI5MQmwT29.asm to second.
2024-05-21 09:48:14,547 INFO:Moved 3eHwdBolFKi4PahtXSyg.asm to third.
2024-05-21 09:48:14,549 INFO:Moved e2r6IncxE1LQOKFGgphj.asm to fourth.
2024-05-21 09:48:14,552 INFO:Moved 7MOSHZDbnxzfhyAmqjYl.asm to fifth.
2024-05-21 09:48:14,554 INFO:Moved 8a3GEC7cPKtx0lI6qYvL.asm to first.
2024-05-21 09:48:14,554 INFO:Moved 0Eo9qT6idXHDMebwmvPA.asm to second.
2024-05-21 09:48:14,554 INFO:Moved 0qpMX5CZU8mgD2kaRNVv.asm to third.
2024-05-21 09:48:14,554 INFO:Moved 1l5V2AwZS9ixLMmecCkp.asm to fourth.
2024-05-21 09:48:14,570 INFO:Moved cIojVJGQOtrL0S1ApeDY.asm to fifth.
2024-05-21 09:48:14,570 INFO:Moved B6dzEY3kKIn8me9McfGg.asm to first.
2024-05-21 09:48:14,570 INFO:Moved 2CfJMa5HIn6D1d9EXbpe.asm to second.
2024-05-21 09:48:14,592 INFO:Moved b59dlNEacoYUAyeR4Ipq.asm to third.
2024-05-21 09:48:14,598 INFO:Moved 1iWTJCzlSZgempU2xf04.asm to fourth.
2024-05-21 09:48:14,598 INFO:Moved 0gcZkSFr7VnEmLPbTxUe.asm to fifth.
2024-05-21 09:48:14,598 INFO:Moved 19emSiJG8vrZgT2zXEIY.asm to first.
2024-05-21 09:48:14,607 INFO:Moved 0ufTUZyESk6MepA7vzKJ.asm to second.
2024-05-21 09:48:14,610 INFO:Moved 0XEmjdgVyY6hWfKulvCi.asm to third.
2024-05-21 09:48:14,613 INFO:Moved 0ZAJlqmphO4fjnVB6bMz.asm to fourth.
2024-05-21 09:48:14,616 INFO:Moved 0pER9ak46CKVjPoqGLcD.asm to fifth.
2024-05-21 09:48:14,618 INFO:Moved 45Vh6aQiPqovLmgMFXdw.asm to first.
2024-05-21 09:48:14,623 INFO:Moved 7edjQGTXowvNgS9uVi5J.asm to second.
2024-05-21 09:48:14,626 INFO:Moved 0IMUKlZs1Sm8LpGRkWhT.asm to third.
2024-05-21 09:48:14,628 INFO:Moved 496EYbjny1LlaK3sr5Zu.asm to fourth.
2024-05-21 09:48:14,630 INFO:Moved 1LE6uK9BdgNXIcSTnrMJ.asm to fifth.
2024-05-21 09:48:14,631 INFO:Moved 0dnTixlMYzDUpsvEVrGc.asm to first.
2024-05-21 09:48:14,631 INFO:Moved 0wqQj9ngaAVxI4SLr5H7.asm to second.
2024-05-21 09:48:14,637 INFO:Moved 0kzRDUmBLHGd4YPj7hO6.asm to third.
2024-05-21 09:48:14,639 INFO:Moved 2ro1jNXETKMPhbUzdelp.asm to fourth.
2024-05-21 09:48:14,642 INFO:Moved 1ezc5qf2alj08CsSw7Er.asm to fifth.
2024-05-21 09:48:14,645 INFO:Moved 23X8YxaVuUHGecPoCtlN.asm to first.
2024-05-21 09:48:14,648 INFO:Moved 0gHs6DEouiCPAcmWFrTX.asm to second.
2024-05-21 09:48:14,650 INFO:Moved 2SuEocCLvdekmN1jJFzI.asm to third.
2024-05-21 09:48:14,651 INFO:Moved 6ZsB7guTtJqAp45VcnS8.asm to fourth.
2024-05-21 09:48:14,655 INFO:Moved 1YSNBUsrXKc3hWq7IayR.asm to fifth.
2024-05-21 09:48:14,657 INFO:Moved 6gHQkuhNCliso84zvqMG.asm to first.
2024-05-21 09:48:14,657 INFO:Moved 0LAXajqhQy7po16dw8Tx.asm to second.
2024-05-21 09:48:14,657 INFO:Moved 0m94tRnhgpsAUuY1L8KC.asm to third.
2024-05-21 09:48:14,657 INFO:Moved 36jPFlq7zebvLdED82Up.asm to fourth.
2024-05-21 09:48:14,657 INFO:Moved 0BLbmzJRkjNynCgQIdtV.asm to fifth.
2024-05-21 09:48:14,657 INFO:Moved 15sGnFeEvMIgpQ8acbUu.asm to first.
2024-05-21 09:48:14,657 INFO:Moved 2i5N9Ftj3xoySflKzbAC.asm to second.
2024-05-21 09:48:14,673 INFO:Moved 5tQ4OCNKrDpPhWB7ngou.asm to third.
2024-05-21 09:48:14,673 INFO:Moved 21XVtgk6bMRdLWP4xoKs.asm to fourth.
2024-05-21 09:48:14,673 INFO:Moved 0TBj7glMRJScN9GmOzyi.asm to fifth.
2024-05-21 09:48:14,673 INFO:Moved 0mcWyK6unLRGV8Hfr97Y.asm to first.
2024-05-21 09:48:14,673 INFO:Moved 0aU7XWsr8RtN94jvo3lG.asm to second.
2024-05-21 09:48:14,673 INFO:Moved 6u25JYNBy8wzSHUjqxvh.asm to third.
2024-05-21 09:48:14,689 INFO:Moved 6HdwDkgvEnNh9cqlyfR7.asm to fourth.
2024-05-21 09:48:14,689 INFO:Moved 0akIgwhWHYm1dzsNqBFx.asm to fifth.
2024-05-21 09:48:14,689 INFO:Moved 2mBVr9lk6YuoNQH4AxvT.asm to first.
2024-05-21 09:48:14,689 INFO:Moved 6O8i5oRFAyhBQgZ9VKNw.asm to second.
2024-05-21 09:48:14,689 INFO:Moved 198PdXRpGVZAzYxCrF0e.asm to third.
2024-05-21 09:48:14,689 INFO:Moved 21ORx5nk8fcZH4eWDImo.asm to fourth.
2024-05-21 09:48:14,689 INFO:Moved EB0d2fJGLHam1tQCUDWu.asm to fifth.
2024-05-21 09:48:14,689 INFO:Moved 6EnhedlGIKp14bXusfwo.asm to first.
2024-05-21 09:48:14,704 INFO:Moved 0cH8YeO15ZywEhPrJvmj.asm to second.
2024-05-21 09:48:14,704 INFO:Moved 1xhTCaBpdsUkSWNr4fg2.asm to third.
2024-05-21 09:48:14,704 INFO:Moved 06aLOj8EUXMByS423sum.asm to fourth.
2024-05-21 09:48:14,704 INFO:Moved 19hXQ2ODt6WvpEdxTGmo.asm to fifth.
2024-05-21 09:48:14,704 INFO:Moved 0DTp59Av1RLifoKlUdm7.asm to first.
2024-05-21 09:48:14,704 INFO:Moved 0CPaAXtyswrBq83D6VEg.asm to second.
2024-05-21 09:48:14,704 INFO:Moved 0PREAmkFZjrftD3LiwOV.asm to third.
2024-05-21 09:48:14,704 INFO:Moved AeCXyFRcU2SsgvVTpMzi.asm to fourth.
2024-05-21 09:48:14,720 INFO:Moved 1GKhFnumAdIeykS3rZYi.asm to fifth.
2024-05-21 09:48:14,723 INFO:Moved 0ZiAjFN81BOE7plhCnSm.asm to first.
2024-05-21 09:48:14,728 INFO:Moved 0D9IedmC1viTPugLRWX6.asm to second.
2024-05-21 09:48:14,729 INFO:Moved 0OQ9MEykugoYZJrnj64d.asm to third.
2024-05-21 09:48:14,730 INFO:Moved 4bHkABPdfrjn2DYO97g0.asm to fourth.
2024-05-21 09:48:14,730 INFO:Moved 41sxuO3ZpR5vAc0Kbjqe.asm to fifth.
2024-05-21 09:48:14,730 INFO:Moved 6XvS9xbnOsJKrGL30NZM.asm to first.
2024-05-21 09:48:14,738 INFO:Moved 0aVxkvmflEizUBG2rMT4.asm to second.
2024-05-21 09:48:14,741 INFO:Moved 0EL7OGZKozbiNCVP61gk.asm to third.
2024-05-21 09:48:14,742 INFO:Moved 0NEsQlDGnUMg3Bew7R1A.asm to fourth.
2024-05-21 09:48:14,742 INFO:Moved 0odUVkrjp2B1n8NDS6bR.asm to fifth.
2024-05-21 09:48:14,742 INFO:Moved 0V6UmdMg7wQGXslAzORJ.asm to first.
2024-05-21 09:48:14,742 INFO:Moved 7Ebd8M0gDHBRIjFvr6SQ.asm to second.
2024-05-21 09:48:14,742 INFO:Moved F6nOrb9ipd0SskWuJjUw.asm to third.
2024-05-21 09:48:14,742 INFO:Moved epLciPaHrTu1gl4CW7Uf.asm to fourth.
2024-05-21 09:48:14,742 INFO:Moved 1Fe4Dk5vSltEWj3Kpg97.asm to fifth.
2024-05-21 09:48:14,756 INFO:Moved 5EVhC0IMi1dNb7TtgxRa.asm to first.
2024-05-21 09:48:14,758 INFO:Moved 0yn4gphuOYlPsCz5JGFM.asm to second.
2024-05-21 09:48:14,760 INFO:Moved 0u3fjhzJ2ZMyAgKYkVF9.asm to third.
2024-05-21 09:48:14,762 INFO:Moved 1xGM8wcYTV4pQFhJBd2f.asm to fourth.
2024-05-21 09:48:14,763 INFO:Moved 34anOKthJ6CXbZs2MeI5.asm to fifth.
2024-05-21 09:48:14,763 INFO:Moved 5KESjOTGuqF2or1sxB7H.asm to first.
2024-05-21 09:48:14,763 INFO:Moved 0sYDNzwVMaWE2TIZeA81.asm to second.
2024-05-21 09:48:14,763 INFO:Moved 0yvBxsufKXzM6CwpcSYU.asm to third.
2024-05-21 09:48:14,770 INFO:Moved 18eZt9qWksQhoY3K60aE.asm to fourth.
2024-05-21 09:48:14,773 INFO:Moved 1pfyGlxvBcaMTNj3VgE9.asm to fifth.
2024-05-21 09:48:14,775 INFO:Moved 0ItXlAUOhK8ZYdDf7HW4.asm to first.
2024-05-21 09:48:14,777 INFO:Moved 2ISirUkfPhltjXVQ86Ge.asm to second.
2024-05-21 09:48:14,778 INFO:Moved 1yC7BzWHgtI2FibhQ0km.asm to third.
2024-05-21 09:48:14,780 INFO:Moved 1tzCLRxMuGS0yKI3lj8c.asm to fourth.
2024-05-21 09:48:14,780 INFO:Moved 2LR1cT43f809ZG6KUd5l.asm to fifth.
2024-05-21 09:48:14,780 INFO:Moved bGPHZFpAL3N957064wzj.asm to first.
2024-05-21 09:48:14,780 INFO:Moved 0RCcpJ1DuKNMBsaQUgmA.asm to second.
2024-05-21 09:48:14,780 INFO:Moved 1GmZULtOThSYEx4sNWDC.asm to third.
2024-05-21 09:48:14,780 INFO:Moved 1her6tuVWjBkqZPUf8KR.asm to fourth.
2024-05-21 09:48:14,780 INFO:Moved 19B6wSHOLmjhGPoquTbW.asm to fifth.
2024-05-21 09:48:14,780 INFO:Moved 1smUAv6epFKI7kbR3u0G.asm to first.
2024-05-21 09:48:14,795 INFO:Moved 8EQSs7XKIkVNHL0Z41au.asm to second.
2024-05-21 09:48:14,795 INFO:Moved 0u4QcXSNvYnMalOBCygH.asm to third.
2024-05-21 09:48:14,795 INFO:Moved 0WQtf1pNPdRqUI7KJFAT.asm to fourth.
2024-05-21 09:48:14,795 INFO:Moved 0hZEqJ5eMVjU21HAG7Ii.asm to fifth.
2024-05-21 09:48:14,795 INFO:Moved 0Gu4misTcKynQD2Ol1Jx.asm to first.
2024-05-21 09:48:14,806 INFO:Moved 5XPfYvNdQRIBJoWmj3Os.asm to second.
2024-05-21 09:48:14,808 INFO:Moved 0XsnKFjqPQxzCf81DvWp.asm to third.
2024-05-21 09:48:14,810 INFO:Moved 7cnyTvamsXhUi5IdSlZ4.asm to fourth.
2024-05-21 09:48:14,811 INFO:Moved 01IsoiSMh5gxyDYTl4CB.asm to fifth.
2024-05-21 09:48:14,811 INFO:Moved 1CWtrEfORZDj7psmnToA.asm to first.
2024-05-21 09:48:14,811 INFO:Moved 1cB6EdrmebFjAX3QHkS9.asm to second.
2024-05-21 09:48:14,811 INFO:Moved 0LVqvlHF8PuepodIiBUb.asm to third.
2024-05-21 09:48:14,811 INFO:Moved 1S9ui2XqltCJAOGUPw7v.asm to fourth.
2024-05-21 09:48:14,811 INFO:Moved 0xpa8zDNdEnK9gB1Wmer.asm to fifth.
2024-05-21 09:48:14,811 INFO:Moved 13HkPY29CL8RzS0FOc5D.asm to first.
2024-05-21 09:48:14,811 INFO:Moved 2HO7PmwTKCZr3t4BYJVe.asm to second.
2024-05-21 09:48:14,827 INFO:Moved 0H63jydvIahOVqgx5Kfo.asm to third.
2024-05-21 09:48:14,827 INFO:Moved 2v1WwXSQbf3RrN4eTG8l.asm to fourth.
2024-05-21 09:48:14,827 INFO:Moved 04mcPSei852tgIKUwTJr.asm to fifth.
2024-05-21 09:48:14,827 INFO:Moved 32r6nRhN1UCwtFTfy8ZG.asm to first.
2024-05-21 09:48:14,827 INFO:Moved 0Dk7Wd8MERu3b5rmQzCK.asm to second.
2024-05-21 09:48:14,827 INFO:Moved 1gYyAWCIEbGBJaMHL0k2.asm to third.
2024-05-21 09:48:14,827 INFO:Moved 0K4sTCLtrIJ5SinQbe7u.asm to fourth.
2024-05-21 09:48:14,827 INFO:Moved 0dkuzUXLTEFwW71vP5bS.asm to fifth.
2024-05-21 09:48:14,827 INFO:Moved 4EB7To6p1z8FAQekCjZi.asm to first.
2024-05-21 09:48:14,843 INFO:Moved 1f0427Tk3POoeFMpG9IR.asm to second.
2024-05-21 09:48:14,843 INFO:Moved CRrAOvzk452LVZIGMWsq.asm to third.
2024-05-21 09:48:14,843 INFO:Moved 1eJx34l8pcAFvMuOwrjB.asm to fourth.
2024-05-21 09:48:14,843 INFO:Moved 4j5ZXQI3ghezluq1snEp.asm to fifth.
2024-05-21 09:48:14,843 INFO:Moved 2mQdaBHoJEe5UI7ZAlzF.asm to first.
2024-05-21 09:48:14,843 INFO:Moved 1h7nkscUw5lDurHXPE20.asm to second.
2024-05-21 09:48:14,843 INFO:Moved 1q92fF8uKHitWlaIkXzQ.asm to third.
2024-05-21 09:48:14,843 INFO:Moved 7QvXGmHYhSibDW9IwU6O.asm to fourth.
2024-05-21 09:48:14,843 INFO:Moved 05aiMRw13bYWqZ8OHvjl.asm to fifth.
2024-05-21 09:48:14,858 INFO:Moved 0GKp9ZJclxTABMunIOD2.asm to first.
2024-05-21 09:48:14,858 INFO:Moved 2edniWaG7lVIHuAsN1MQ.asm to second.
2024-05-21 09:48:14,858 INFO:Moved 2bdnyMU3XQlIA5grPeZm.asm to third.
2024-05-21 09:48:14,858 INFO:Moved 1Ue6El4YDMXcVmBsqkoF.asm to fourth.
2024-05-21 09:48:14,858 INFO:Moved 25MVSaOYETk0ueIroJ1L.asm to fifth.
2024-05-21 09:48:14,858 INFO:Moved 3nowFMmKJAkiNs8CaGVb.asm to first.
2024-05-21 09:48:14,858 INFO:Moved 1wzULSbfxGolZhD4XIAs.asm to second.
2024-05-21 09:48:14,858 INFO:Moved 4GUJ7HBXO8I56WyRSMQd.asm to third.
2024-05-21 09:48:14,874 INFO:Moved 6WbENDkcC750euPGqApQ.asm to fourth.
2024-05-21 09:48:14,874 INFO:Moved 0tNShPVGYWjcmT2yXLdq.asm to fifth.
2024-05-21 09:48:14,874 INFO:Moved 0K6yBUcTw3qjtNo4ZQpY.asm to first.
2024-05-21 09:48:14,874 INFO:Moved 2xlhAE5LO8RFfczB6ep3.asm to second.
2024-05-21 09:48:14,874 INFO:Moved 1NvKF7pMREf4iVyzZewr.asm to third.
2024-05-21 09:48:14,874 INFO:Moved 3nxujXtip8hGHb6ZQdA4.asm to fourth.
2024-05-21 09:48:14,874 INFO:Moved Fnda3PuqJT6Ep5vjOWCk.asm to fifth.
2024-05-21 09:48:14,874 INFO:Moved 0Hlm4XgE1cQhC6BkMays.asm to first.
2024-05-21 09:48:14,874 INFO:Moved 1WCXg8qEtJFITMilaf6k.asm to second.
2024-05-21 09:48:14,890 INFO:Moved 57aolZC6XSxqr2HiGsfV.asm to third.
2024-05-21 09:48:14,890 INFO:Moved 2ZlLcMw4Vkim1pNYXj9v.asm to fourth.
2024-05-21 09:48:14,890 INFO:Moved 0PlfqyKM1JtYZx2me5FU.asm to fifth.
2024-05-21 09:48:14,890 INFO:Moved 2A6SgLfdzGEopT7XcQhD.asm to first.
2024-05-21 09:48:14,890 INFO:Moved 0UYATSktwajsiO8LWpx2.asm to second.
2024-05-21 09:48:14,890 INFO:Moved 1kidbgV9v0BlxInTYfsJ.asm to third.
2024-05-21 09:48:14,890 INFO:Moved 0sdr2cfHLzNO9Ep4RSjT.asm to fourth.
2024-05-21 09:48:14,890 INFO:Moved 1NSfFQ28b0TDh5YGnLeR.asm to fifth.
2024-05-21 09:48:14,890 INFO:Moved 0VLen4rGI1wNjOqzyZRb.asm to first.
2024-05-21 09:48:14,906 INFO:Moved 45bI6DlJUGh8KF01ExTW.asm to second.
2024-05-21 09:48:14,908 INFO:Moved 1gx83bLB4PSsYIKCTlZt.asm to third.
2024-05-21 09:48:14,909 INFO:Moved 0cdnSIvN489sFUwYlrMQ.asm to fourth.
2024-05-21 09:48:14,911 INFO:Moved 1YBJRhWOvlpHx79EMf2I.asm to fifth.
2024-05-21 09:48:14,911 INFO:Moved 1AXVt0D9mSU26fL4iFGc.asm to first.
2024-05-21 09:48:14,911 INFO:Moved 0Mx7E5XgoRcJavdPAit8.asm to second.
2024-05-21 09:48:14,911 INFO:Moved 6McvAWZj4285L7XPrwnE.asm to third.
2024-05-21 09:48:14,911 INFO:Moved 2ondxDIwf4si7URbH1ZJ.asm to fourth.
2024-05-21 09:48:14,921 INFO:Moved 0cTu2bkefOAJqIhYUWFK.asm to fifth.
2024-05-21 09:48:14,922 INFO:Moved 0XVbihU4clgRS9A6tsB2.asm to first.
2024-05-21 09:48:14,922 INFO:Moved 01SuzwMJEIXsK7A8dQbl.asm to second.
2024-05-21 09:48:14,922 INFO:Moved 01azqd4InC7m9JpocGv5.asm to third.
2024-05-21 09:48:14,922 INFO:Moved 5PBvwNE8sCzm1bjUlf6A.asm to fourth.
2024-05-21 09:48:14,922 INFO:Moved 294DyEi30U6TVeFSrClm.asm to fifth.
2024-05-21 09:48:14,922 INFO:Moved hZiVAw5nREjHU1qodatK.asm to first.
2024-05-21 09:48:14,937 INFO:Moved 0aSTGBVRXeJhx5OcpsgC.asm to second.
2024-05-21 09:48:14,940 INFO:Moved 125y4VsArzkCNOGZfu6o.asm to third.
2024-05-21 09:48:14,943 INFO:Moved 1NiArstKkEmMf0vjDd7l.asm to fourth.
2024-05-21 09:48:14,946 INFO:Moved 2L8T9IgSrJs7mlF5PueZ.asm to fifth.
2024-05-21 09:48:14,946 INFO:Moved 0EAdHtLDypMcwjTFJziC.asm to first.
2024-05-21 09:48:14,946 INFO:Moved 0l5IobyKpuqcwO4NxfgD.asm to second.
2024-05-21 09:48:14,946 INFO:Moved 2nBdD7s8Kklrtvm3zSow.asm to third.
2024-05-21 09:48:14,957 INFO:Moved 0NZT2sFp4JKXqYGC8Rna.asm to fourth.
2024-05-21 09:48:14,960 INFO:Moved 01kcPWA9K2BOxQeS5Rju.asm to fifth.
2024-05-21 09:48:14,962 INFO:Moved 27c0DulJmYsz8ajZULHC.asm to first.
2024-05-21 09:48:14,966 INFO:Moved 2BcVLYAwvCqM37U6bkj9.asm to second.
2024-05-21 09:48:14,969 INFO:Moved 5HbKUA1oyJDeLwhM26Fq.asm to third.
2024-05-21 09:48:14,972 INFO:Moved 0hZqVRKkw7GfMdpalLiN.asm to fourth.
2024-05-21 09:48:14,974 INFO:Moved DEyOUKzN2g8suv96eYoC.asm to fifth.
2024-05-21 09:48:14,976 INFO:Moved 51rb6a438sZKqOgzwYlj.asm to first.
2024-05-21 09:48:14,980 INFO:Moved 1zb0rkEtweXH7ABuqoM2.asm to second.
2024-05-21 09:48:14,982 INFO:Moved 8Ek93sPoaJVSyhrKwXQe.asm to third.
2024-05-21 09:48:14,984 INFO:Moved 12TEseaJ4jnbyORqKxhf.asm to fourth.
2024-05-21 09:48:14,989 INFO:Moved 2bcyFiRa8zKBolCGZSvO.asm to fifth.
2024-05-21 09:48:14,990 INFO:Moved 2fCaW87gq1DlA4voSUjG.asm to first.
2024-05-21 09:48:14,990 INFO:Moved 6cYUST29aReytkJO4zXi.asm to second.
2024-05-21 09:48:14,990 INFO:Moved 0eaNKwluUmkYdIvZ923c.asm to third.
2024-05-21 09:48:14,990 INFO:Moved 02K5GMYITj7bBoAisEmD.asm to fourth.
2024-05-21 09:48:15,004 INFO:Moved 21l6VM9tKEuCUhL7DjeY.asm to fifth.
2024-05-21 09:48:15,007 INFO:Moved 0gDsIvrylX5fPbG7cSBn.asm to first.
2024-05-21 09:48:15,009 INFO:Moved 1R0pmNFb5znDi6aTVeZt.asm to second.
2024-05-21 09:48:15,009 INFO:Moved 0X6U3SfcmbuZNodnH9qL.asm to third.
2024-05-21 09:48:15,009 INFO:Moved 0MsQ16zDg9XVerbmfCdU.asm to fourth.
2024-05-21 09:48:15,009 INFO:Moved 8gIHGUx4VBT0Kceldnbm.asm to fifth.
2024-05-21 09:48:15,009 INFO:Moved 1uNTL24yHl3EVFidSzUA.asm to first.
2024-05-21 09:48:15,022 INFO:Moved 1BM4l8DCZmSpoYwE9Qcv.asm to second.
2024-05-21 09:48:15,022 INFO:Moved 0OfazrXvcTqVYi3dEGU9.asm to third.
2024-05-21 09:48:15,022 INFO:Moved 0wkFafuhqSr1Z5J7K6C9.asm to fourth.
2024-05-21 09:48:15,022 INFO:Moved 2ec5nrOmxDFqKTf3pYGA.asm to fifth.
2024-05-21 09:48:15,022 INFO:Moved 0sH5GdO3LpZwMbPaXjfN.asm to first.
2024-05-21 09:48:15,022 INFO:Moved 0BKcmNv4iGY2hsVSaXJ6.asm to second.
2024-05-21 09:48:15,038 INFO:Moved 1ptMdWPB4IvREzafL2S9.asm to third.
2024-05-21 09:48:15,041 INFO:Moved 0BIdbVDEgmPwjYF4xzir.asm to fourth.
2024-05-21 09:48:15,041 INFO:Moved 1esMpo6SAPHiTUGEb3Bt.asm to fifth.
2024-05-21 09:48:15,041 INFO:Moved 1IjdZ2HuarlMYEBFbTCK.asm to first.
2024-05-21 09:48:15,041 INFO:Moved 7cx4QdBWg9wMa2pvOLuo.asm to second.
2024-05-21 09:48:15,041 INFO:Moved 67LFYMBVhdD3Jo2UGRSX.asm to third.
2024-05-21 09:48:15,053 INFO:Moved 0SUAyQWoTeZb8qmIPMK3.asm to fourth.
2024-05-21 09:48:15,057 INFO:Moved 2eqnSQrGfCXupwkDtIJ6.asm to fifth.
2024-05-21 09:48:15,057 INFO:Moved 0Cq4wfhLrKBJiut1lYAZ.asm to first.
2024-05-21 09:48:15,057 INFO:Moved 1FAxSngsym35phwROGl0.asm to second.
2024-05-21 09:48:15,057 INFO:Moved 0Qfd8jy2JYX3U7gFBG5D.asm to third.
2024-05-21 09:48:15,057 INFO:Moved 1gQDa4l9cNBbkO7n5IY0.asm to fourth.
2024-05-21 09:48:15,057 INFO:Moved 1MjkqlJ7L6EoAPXb2fKV.asm to fifth.
2024-05-21 09:48:15,072 INFO:Moved 1i2SThtkCGEplHeoJxqI.asm to first.
2024-05-21 09:48:15,075 INFO:Moved 387RdPoyKxJIZr1YNcO6.asm to second.
2024-05-21 09:48:15,077 INFO:Moved 2qk8R3jeQvKzsMp0iGT1.asm to third.
2024-05-21 09:48:15,079 INFO:Moved 8iDWJ4yKzNSAQjnxwO70.asm to fourth.
2024-05-21 09:48:15,081 INFO:Moved 0w2LlG4eiBfby9JIMZgS.asm to fifth.
2024-05-21 09:48:15,083 INFO:Moved 2cSHYRJ7p4jA3O8uM1qI.asm to first.
2024-05-21 09:48:15,084 INFO:Moved 6bNyjTBJFmHOoiXYZQ3W.asm to second.
2024-05-21 09:48:15,088 INFO:Moved 0hBIiRpkMZtoYj3lcDLa.asm to third.
2024-05-21 09:48:15,090 INFO:Moved 0AguvpOCcaf2myVDYFGb.asm to fourth.
2024-05-21 09:48:15,090 INFO:Moved 0PGoOfXAjVDBytkRH4Um.asm to fifth.
2024-05-21 09:48:15,090 INFO:Moved 1A7UqoIMrxHgVuW3FS9c.asm to first.
2024-05-21 09:48:15,090 INFO:Moved 0jkmvR43UQ9yKxqXei61.asm to second.
2024-05-21 09:48:15,090 INFO:Moved 0JECiqrVNR1dgj67pZue.asm to third.
2024-05-21 09:48:15,090 INFO:Moved 0hWRb28Umdgj7xcXOwtC.asm to fourth.
2024-05-21 09:48:15,106 INFO:Moved 0JOb8TyN6VBGCrjAkzfP.asm to fifth.
2024-05-21 09:48:15,108 INFO:Moved gB105vrJPbcGCtuj7p4a.asm to first.
2024-05-21 09:48:15,111 INFO:Moved 3d2x0BYR7aiJLfPNsbgo.asm to second.
2024-05-21 09:48:15,113 INFO:Moved 2bZlmksaBHeNDVnf9PRx.asm to third.
2024-05-21 09:48:15,114 INFO:Moved 3fgNi5Fk1QVMqKBXEUnw.asm to fourth.
2024-05-21 09:48:15,116 INFO:Moved 2nr0GTSxN4zKobZqwpy6.asm to fifth.
2024-05-21 09:48:15,117 INFO:Moved 1WJXH29t4FmdcLBK5DNR.asm to first.
2024-05-21 09:48:15,122 INFO:Moved 41bvS96LOdtCgmxfEhTs.asm to second.
2024-05-21 09:48:15,124 INFO:Moved 26Apnq34hwrYEbvSUoMV.asm to third.
2024-05-21 09:48:15,124 INFO:Moved 1mTVBq2nUDktewXxNH7W.asm to fourth.
2024-05-21 09:48:15,124 INFO:Moved 15loeAHtkJa8BuFi6Zry.asm to fifth.
2024-05-21 09:48:15,124 INFO:Moved 05rJTUWYAKNegBk2wE8X.asm to first.
2024-05-21 09:48:15,124 INFO:Moved 2hwAeJRIM54fmCEaYdbn.asm to second.
2024-05-21 09:48:15,124 INFO:Moved 38EVbc5UfWMGPp1XHR7v.asm to third.
2024-05-21 09:48:15,140 INFO:Moved Hc5LqZVK2yzlsb8BEfdO.asm to fourth.
2024-05-21 09:48:15,140 INFO:Moved 7GsWJqlM3kCt62axD5O8.asm to fifth.
2024-05-21 09:48:15,140 INFO:Moved 0i4FNJPQ8GuB3WU56LTS.asm to first.
2024-05-21 09:48:15,140 INFO:Moved 0QqWIUsiyj3AaPwJD81S.asm to second.
2024-05-21 09:48:15,140 INFO:Moved 8vLGE0QNUBHaK3dt5hyl.asm to third.
2024-05-21 09:48:15,140 INFO:Moved 0BEsCP7NAUy8XmkenHWG.asm to fourth.
2024-05-21 09:48:15,140 INFO:Moved 0GuYe4J7oLwQ82xr3pWS.asm to fifth.
2024-05-21 09:48:15,156 INFO:Moved 0qV43bnIcBDPF1WlG6tJ.asm to first.
2024-05-21 09:48:15,159 INFO:Moved 7DSdcK2ZLkFmhlXUpzJw.asm to second.
2024-05-21 09:48:15,161 INFO:Moved 2Eq3HXCP9O6JulmS0zY5.asm to third.
2024-05-21 09:48:15,163 INFO:Moved 4vNDlExnr0y2mFXUgbz3.asm to fourth.
2024-05-21 09:48:15,164 INFO:Moved 14DUiwIb5xrfkF30cThJ.asm to fifth.
2024-05-21 09:48:15,166 INFO:Moved 3y7txXDPZ1RneiGcgC65.asm to first.
2024-05-21 09:48:15,170 INFO:Moved 17qvV08gWM3LtoZKS9d4.asm to second.
2024-05-21 09:48:15,173 INFO:Moved 1sVJGxyIi5AYblaRtu4e.asm to third.
2024-05-21 09:48:15,174 INFO:Moved 0q6eABpEHSbXlIzGh7jc.asm to fourth.
2024-05-21 09:48:15,176 INFO:Moved 250wWOtELFspbVRJAaNn.asm to fifth.
2024-05-21 09:48:15,178 INFO:Moved 7KqfVlEBOmr6tTQewNG8.asm to first.
2024-05-21 09:48:15,180 INFO:Moved 87zKHh2vErX6McwSZQyT.asm to second.
2024-05-21 09:48:15,182 INFO:Moved 5qQY8mHGLFA1pZgWPOXM.asm to third.
2024-05-21 09:48:15,184 INFO:Moved 0qDikloYBvpQTcCOMyS4.asm to fourth.
2024-05-21 09:48:15,187 INFO:Moved 2d1DA6k5BE0H3MzRXv7w.asm to fifth.
2024-05-21 09:48:15,189 INFO:Moved 45aTQcuSVrGxZ62vHLbw.asm to first.
2024-05-21 09:48:15,189 INFO:Moved 2NHmrIL6Gyut0hfQDACw.asm to second.
2024-05-21 09:48:15,189 INFO:Moved 42CRGozVilaAYTK3p1Zh.asm to third.
2024-05-21 09:48:15,189 INFO:Moved 0sMxy5SNLu1YCkKJzaB3.asm to fourth.
2024-05-21 09:48:15,189 INFO:Moved 0mlhuKGpCc6OB4zwrbLy.asm to fifth.
2024-05-21 09:48:15,189 INFO:Moved 05Kps4iFw8mOLJZQrb1H.asm to first.
2024-05-21 09:48:15,205 INFO:Moved 2ZY5e4PHsEAvkziQGFR6.asm to second.
2024-05-21 09:48:15,206 INFO:Moved 1Skcwz5YxWihMqIyt30X.asm to third.
2024-05-21 09:48:15,206 INFO:Moved 10H9detwuiZByNSRMmxf.asm to fourth.
2024-05-21 09:48:15,206 INFO:Moved 2AiNV4msBIWd51whz9Xp.asm to fifth.
2024-05-21 09:48:15,206 INFO:Moved 2037kCYJ5fZKPw4oDGX1.asm to first.
2024-05-21 09:48:15,206 INFO:Moved 05IXcWGxvnkto4sq17zZ.asm to second.
2024-05-21 09:48:15,206 INFO:Moved 29Gyianow1P7Zl63JSDK.asm to third.
2024-05-21 09:48:15,206 INFO:Moved 1zP8Fh4ZWpELUrXB7Say.asm to fourth.
2024-05-21 09:48:15,220 INFO:Moved idjesBrKybwkzPXMalUL.asm to fifth.
2024-05-21 09:48:15,223 INFO:Moved 1T0BWPoJVtNFzsycKhlr.asm to first.
2024-05-21 09:48:15,223 INFO:Moved 49epoGtYixcgnkfwJ2dv.asm to second.
2024-05-21 09:48:15,223 INFO:Moved 3OX0rbks7LQmeDcKx8C4.asm to third.
2024-05-21 09:48:15,223 INFO:Moved 40dBpWDhOUzZ5yVAKJF3.asm to fourth.
2024-05-21 09:48:15,223 INFO:Moved 09bfacpUzuBN5W3S8KTo.asm to fifth.
2024-05-21 09:48:15,223 INFO:Moved 1Cub9LvOgMWkQqs3R2ef.asm to first.
2024-05-21 09:48:15,223 INFO:Moved 1Nu6CWGKlM4Xgi2x9a8H.asm to second.
2024-05-21 09:48:15,237 INFO:Moved 0cfIE39ihRNo2rkZOw5H.asm to third.
2024-05-21 09:48:15,240 INFO:Moved 2zN5EbfhwyZKgGodjiQu.asm to fourth.
2024-05-21 09:48:15,240 INFO:Moved 1Rr0hWX8Qz6nm3IgYLuF.asm to fifth.
2024-05-21 09:48:15,240 INFO:Moved 2SRWXLQomgJyliq3G6BM.asm to first.
2024-05-21 09:48:15,240 INFO:Moved 19Emlw3WgC2O4iJknVtP.asm to second.
2024-05-21 09:48:15,240 INFO:Moved 2cSXHIY6r89uUvsZfqzE.asm to third.
2024-05-21 09:48:15,240 INFO:Moved 16cTMtKIjH5SbyovWuBq.asm to fourth.
2024-05-21 09:48:15,240 INFO:Moved 18S9URJgMWqua2TZevsh.asm to fifth.
2024-05-21 09:48:15,255 INFO:Moved 5RiZwJtzlyDGbO7uAhsn.asm to first.
2024-05-21 09:48:15,256 INFO:Moved 3JI0t7rP5HE6YgwTbjoC.asm to second.
2024-05-21 09:48:15,256 INFO:Moved 7eJywSFZtf9D18RxdTUM.asm to third.
2024-05-21 09:48:15,256 INFO:Moved 974hJRWKfvXaTtNoqMGl.asm to fourth.
2024-05-21 09:48:15,256 INFO:Moved 0yjkG4BHeCbTimIslgr7.asm to fifth.
2024-05-21 09:48:15,256 INFO:Moved GkMBlvTidr5oyYOVJCwc.asm to first.
2024-05-21 09:48:15,256 INFO:Moved 4AGv29WBlocjZiPIKqsp.asm to second.
2024-05-21 09:48:15,256 INFO:Moved 1u3PmQiD0bX6RcgoCNKe.asm to third.
2024-05-21 09:48:15,273 INFO:Moved 0MQD6mnoy4l3zV8WPRYe.asm to fourth.
2024-05-21 09:48:15,273 INFO:Moved 2dqWPx6MhJZoY37vL1gT.asm to fifth.
2024-05-21 09:48:15,273 INFO:Moved 0fHVZKeTE6iRb1PIQ4au.asm to first.
2024-05-21 09:48:15,273 INFO:Moved 7QrNYCk9O18JlZWgxmwE.asm to second.
2024-05-21 09:48:15,273 INFO:Moved 0qeE63wvCGzSapRuW4TI.asm to third.
2024-05-21 09:48:15,273 INFO:Moved 1SVleInitNjxByvsFbdm.asm to fourth.
2024-05-21 09:48:15,286 INFO:Moved 2gwSoct3BzRUvajVeCLu.asm to fifth.
2024-05-21 09:48:15,289 INFO:Moved 2DBKbxPnVCyiLzqAHU9c.asm to first.
2024-05-21 09:48:15,289 INFO:Moved 0DqUX5rkg3IbMY6BLGCE.asm to second.
2024-05-21 09:48:15,289 INFO:Moved 1mlhNbQOFU0VtAP8ZJBk.asm to third.
2024-05-21 09:48:15,289 INFO:Moved 4aMbnHlA9es8vKmOFR2Z.asm to fourth.
2024-05-21 09:48:15,289 INFO:Moved 0QK142N5HoBntC7RydAh.asm to fifth.
2024-05-21 09:48:15,289 INFO:Moved 4UTMdcZkxzLvwygO8EuK.asm to first.
2024-05-21 09:48:15,289 INFO:Moved 6Ij39ZnpNmcdKOUe0BvY.asm to second.
2024-05-21 09:48:15,306 INFO:Moved 0uLJEcpVlIWkTBeHZU4w.asm to third.
2024-05-21 09:48:15,306 INFO:Moved 3m8kb5ILPrHcMC1o9Nht.asm to fourth.
2024-05-21 09:48:15,306 INFO:Moved 0Hn2ojct97Wp1TbdNM4Q.asm to fifth.
2024-05-21 09:48:15,306 INFO:Moved 3ekS6OIvjTVhQsgrqiHo.asm to first.
2024-05-21 09:48:15,306 INFO:Moved 2wZdP0yYzleC73s5WG1m.asm to second.
2024-05-21 09:48:15,306 INFO:Moved 0fvnGU7dkbr8iEhZuMcP.asm to third.
2024-05-21 09:48:15,306 INFO:Moved 849LvXpTdqesHuxnwfOG.asm to fourth.
2024-05-21 09:48:15,323 INFO:Moved 2mYSX6J9Dd5lkpLuNMc8.asm to fifth.
2024-05-21 09:48:15,323 INFO:Moved 2oPaLFU6SQDdZ45Wu0EB.asm to first.
2024-05-21 09:48:15,323 INFO:Moved 2qpZmcvFs4LCBNi9IX6H.asm to second.
2024-05-21 09:48:15,323 INFO:Moved 3Q8Wvm1ceyOhSajNdCUb.asm to third.
2024-05-21 09:48:15,323 INFO:Moved 0AwWs42SUQ19mI7eDcTC.asm to fourth.
2024-05-21 09:48:15,323 INFO:Moved 0NmoAEOtIDdwiVr9PCBf.asm to fifth.
2024-05-21 09:48:15,323 INFO:Moved 1QuMnTw8zc3oWLSZ4KXt.asm to first.
2024-05-21 09:48:15,338 INFO:Moved 1hex2VAaHSC6lPv3ILOw.asm to second.
2024-05-21 09:48:15,339 INFO:Moved 2VhINMP4oKmsnjZkY38U.asm to third.
2024-05-21 09:48:15,339 INFO:Moved 04cvLCVPqBMs6yn5xGlE.asm to fourth.
2024-05-21 09:48:15,339 INFO:Moved 1EDNRfXhHWl7txAOdycU.asm to fifth.
2024-05-21 09:48:15,339 INFO:Moved 0qN2U7Ayorv9IbiTW4Gd.asm to first.
2024-05-21 09:48:15,339 INFO:Moved 1IpWLz6eyhVxDAfQMKEd.asm to second.
2024-05-21 09:48:15,339 INFO:Moved Dj3FqX9IAHco2tG1UOZS.asm to third.
2024-05-21 09:48:15,339 INFO:Moved 2g9xU7Md0IsoLb5f4QPR.asm to fourth.
2024-05-21 09:48:15,356 INFO:Moved 18SQsaz6lMJIZCknYpgL.asm to fifth.
2024-05-21 09:48:15,356 INFO:Moved 0pqtVjvLk89PdYr5MwZO.asm to first.
2024-05-21 09:48:15,356 INFO:Moved 0wtIHxfBDmYRQ7GWSaTj.asm to second.
2024-05-21 09:48:15,356 INFO:Moved 1JzApr8qu7Cci5LT23t9.asm to third.
2024-05-21 09:48:15,356 INFO:Moved 1DNWriJEg56S03yvjTBu.asm to fourth.
2024-05-21 09:48:15,356 INFO:Moved 7D92cJaF5QIdpA1OEhSt.asm to fifth.
2024-05-21 09:48:15,356 INFO:Moved 0YJRabHQ1reDxN3yjUCd.asm to first.
2024-05-21 09:48:15,370 INFO:Moved 0MmZ8j5pn2R3VG9wlxYi.asm to second.
2024-05-21 09:48:15,373 INFO:Moved 2UBy1ZDIiOxJHNnX35Mf.asm to third.
2024-05-21 09:48:15,373 INFO:Moved 2HqSerDI4yG1WRxTbl8w.asm to fourth.
2024-05-21 09:48:15,373 INFO:Moved 1rc8uNR5MiqVm6Do0xSH.asm to fifth.
2024-05-21 09:48:15,373 INFO:Moved 4AuqM30HyOajgr8SleRL.asm to first.
2024-05-21 09:48:15,373 INFO:Moved 0raU6iGvjZREQJYB1HX5.asm to second.
2024-05-21 09:48:15,373 INFO:Moved 1fJVGN3On0l7kRohcF2E.asm to third.
2024-05-21 09:48:15,373 INFO:Moved 365qzFMSdZmIU1YbfoAx.asm to fourth.
2024-05-21 09:48:15,373 INFO:Moved 1AfYJKywcXSiI6H80nqE.asm to fifth.
2024-05-21 09:48:15,390 INFO:Moved 2617zwnbHU3jrseQZim5.asm to first.
2024-05-21 09:48:15,390 INFO:Moved FsirpP0oDwXeAzC2KndG.asm to second.
2024-05-21 09:48:15,390 INFO:Moved 0YRDpBU67WrqEugkXlnd.asm to third.
2024-05-21 09:48:15,390 INFO:Moved 0ZiQmgtxzHe9v5O8Lf2k.asm to fourth.
2024-05-21 09:48:15,390 INFO:Moved 1bL4yiwCUvSOg7tBJudf.asm to fifth.
2024-05-21 09:48:15,390 INFO:Moved 18te652nLyCi3IrZqMOJ.asm to first.
2024-05-21 09:48:15,405 INFO:Moved 5aqZV2vfkm63IeXYPlWg.asm to second.
2024-05-21 09:48:15,406 INFO:Moved 62rHUwVZ78GqfF5x1vnd.asm to third.
2024-05-21 09:48:15,406 INFO:Moved 0AV6MPlrTWG4fYI7NBtQ.asm to fourth.
2024-05-21 09:48:15,406 INFO:Moved 7r4nyOFDRwkc2EgxopWV.asm to fifth.
2024-05-21 09:48:15,406 INFO:Moved 6B2JSV7e5Ik8lAM9WqPG.asm to first.
2024-05-21 09:48:15,406 INFO:Moved 0Phtp2LVcsCFMKkGgmRH.asm to second.
2024-05-21 09:48:15,419 INFO:Moved 7OZ8auLijd26EwXcIGHo.asm to third.
2024-05-21 09:48:15,423 INFO:Moved 07ECKjDTyQLnabNoxrIH.asm to fourth.
2024-05-21 09:48:15,423 INFO:Moved 2vzlFiPL03STnwtDhoCU.asm to fifth.
2024-05-21 09:48:15,423 INFO:Moved 0l6fhCty3aSLDOgAjYQi.asm to first.
2024-05-21 09:48:15,423 INFO:Moved 0DTs2PhZfCwEv7q8349K.asm to second.
2024-05-21 09:48:15,423 INFO:Moved 0rgudc7PpbexCtBjNqWF.asm to third.
2024-05-21 09:48:15,423 INFO:Moved asKPnzUXjShMc0Tl6Wge.asm to fourth.
2024-05-21 09:48:15,437 INFO:Moved 02IOCvYEy8mjiuAQHax3.asm to fifth.
2024-05-21 09:48:15,440 INFO:Moved 0X8fojtR6QIblypvHLsM.asm to first.
2024-05-21 09:48:15,440 INFO:Moved 1hcfvnSGMXEHU94egR3F.asm to second.
2024-05-21 09:48:15,440 INFO:Moved 2JfpcM9ACq4XatFLho8z.asm to third.
2024-05-21 09:48:15,440 INFO:Moved 7eQUvHRSh2WZ5CFm4zdw.asm to fourth.
2024-05-21 09:48:15,440 INFO:Moved 28MbCkmwFWHNvBYTP3oe.asm to fifth.
2024-05-21 09:48:15,440 INFO:Moved 0Vi6RsKdlHBzySe5Zp4Y.asm to first.
2024-05-21 09:48:15,455 INFO:Moved 0KyDiQb1whgaSrmlx58J.asm to second.
2024-05-21 09:48:15,455 INFO:Moved 2ZI9SdMvc7WAXK03nPyu.asm to third.
2024-05-21 09:48:15,455 INFO:Moved 0W1RChtwZvj4Qy78GYUJ.asm to fourth.
2024-05-21 09:48:15,455 INFO:Moved 0qPYfxdvNrBX6ASbZltF.asm to fifth.
2024-05-21 09:48:15,455 INFO:Moved 1BYZOXRoVfhtQGMJnkST.asm to first.
2024-05-21 09:48:15,471 INFO:Moved 0ZHV6acpJ9KkAWPjEI71.asm to second.
2024-05-21 09:48:15,473 INFO:Moved 2eJq8SOvi1Bs4T9XNEj6.asm to third.
2024-05-21 09:48:15,473 INFO:Moved 0ACDbR5M3ZhBJajygTuf.asm to fourth.
2024-05-21 09:48:15,473 INFO:Moved 0cfGJLYgE6ROaZH7KT1h.asm to fifth.
2024-05-21 09:48:15,473 INFO:Moved 1eOaAY4fpV38LIdhxl95.asm to first.
2024-05-21 09:48:15,473 INFO:Moved 1vhszDdnUVgZ9M5kRYQx.asm to second.
2024-05-21 09:48:15,488 INFO:Moved 0BZQIJak6Pu2tyAXfrzR.asm to third.
2024-05-21 09:48:15,490 INFO:Moved 5IDvAEnUpuQH7LeloGiK.asm to fourth.
2024-05-21 09:48:15,490 INFO:Moved 30ryX9b4elIiQcPaVx2W.asm to fifth.
2024-05-21 09:48:15,490 INFO:Moved 0S7z4qxYTHPUDO8fgIyA.asm to first.
2024-05-21 09:48:15,490 INFO:Moved 5tMCNKDogQ2x7zwUbpcZ.asm to second.
2024-05-21 09:48:15,490 INFO:Moved 1I3Am5YxgsXpDh6BLHTz.asm to third.
2024-05-21 09:48:15,506 INFO:Moved 1kouSC7XqwfbyQVWnGZg.asm to fourth.
2024-05-21 09:48:15,508 INFO:Moved 0JfwyrEcBqaRzN9TgFMh.asm to fifth.
2024-05-21 09:48:15,508 INFO:Moved 670isB8fzGbAXI3HmUoF.asm to first.
2024-05-21 09:48:15,508 INFO:Moved 8QqTlOsYx5oLychRPgX3.asm to second.
2024-05-21 09:48:15,523 INFO:Moved 0NyfGXt8nmlK72Q9Irhs.asm to third.
2024-05-21 09:48:15,527 INFO:Moved 0Xm5sqBgQASUyFui2kbH.asm to fourth.
2024-05-21 09:48:15,529 INFO:Moved 3MG6tJEmkClb5pB0aOQT.asm to fifth.
2024-05-21 09:48:15,529 INFO:Moved 8dW2hOcgRfSTnapKVHwl.asm to first.
2024-05-21 09:48:15,529 INFO:Moved 04sJnMaORYc1SV5pKjrP.asm to second.
2024-05-21 09:48:15,541 INFO:Moved 0gUpzkLVT73PCXx5WFRI.asm to third.
2024-05-21 09:48:15,545 INFO:Moved 0qjuDC7Rhx9rHkLlItAp.asm to fourth.
2024-05-21 09:48:15,548 INFO:Moved 0iS3pwlgJco8XORD4TLq.asm to fifth.
2024-05-21 09:48:15,548 INFO:Moved 0KgE6ksUeytoHfl2cT4r.asm to first.
2024-05-21 09:48:15,557 INFO:Moved 0FOXjzmnD9CUMVcSlEqh.asm to second.
2024-05-21 09:48:15,560 INFO:Moved 06QinlpeFIWj8qHc7Vys.asm to third.
2024-05-21 09:48:15,562 INFO:Moved 0ASH2csN7k8jZyoRaqtn.asm to fourth.
2024-05-21 09:48:15,565 INFO:Moved 2gXZWDA3VeTPr1I7pjYa.asm to fifth.
2024-05-21 09:48:15,565 INFO:Moved 8GoaOMPuBA3slq2J4TEd.asm to first.
2024-05-21 09:48:15,575 INFO:Moved 23L6M58iTRC4rNHlIFDy.asm to second.
2024-05-21 09:48:15,577 INFO:Moved 1KB3Z7gd5aN4Xmx8W0sf.asm to third.
2024-05-21 09:48:15,581 INFO:Moved 03nJaQV6K2ObICUmyWoR.asm to fourth.
2024-05-21 09:48:15,589 INFO:Moved 0J61YGoWjV25TzxeSluf.asm to fifth.
2024-05-21 09:48:15,592 INFO:Moved 0FKerJl18xOc3jdoyg4A.asm to first.
2024-05-21 09:48:15,614 INFO:Moved 5YMeDkHjclrCPd8OuymR.asm to second.
2024-05-21 09:48:15,616 INFO:Moved 0gkj92oIleU4SYiCWpaM.asm to third.
2024-05-21 09:48:15,617 INFO:Moved 50fz3EgBdYQKMjvinR9w.asm to fourth.
2024-05-21 09:48:15,617 INFO:Moved 0GvtWEPUBfDAcMbiYVSR.asm to fifth.
2024-05-21 09:48:15,625 INFO:Moved 0UcDbq2yojiThfdLRNS4.asm to first.
2024-05-21 09:48:15,625 INFO:Moved 0BY2iPso3bEmudlUzpfq.asm to second.
2024-05-21 09:48:15,641 INFO:Moved 2j4t9uRGXVnsH8hxEZi7.asm to third.
2024-05-21 09:48:15,644 INFO:Moved 1YAFzJjOeKUCc7pubM9q.asm to fourth.
2024-05-21 09:48:15,646 INFO:Moved 1ARrSUKCbhWeTFyjp4ix.asm to fifth.
2024-05-21 09:48:15,648 INFO:Moved 4wv86XGCOkUWEAPrJtDi.asm to first.
2024-05-21 09:48:15,653 INFO:Moved 1AXEyUDVt42T6ZFx8COo.asm to second.
2024-05-21 09:48:15,657 INFO:Moved 0dauMIK4ATfybzqUgNLc.asm to third.
2024-05-21 09:48:15,660 INFO:Moved 0nxrvcZJUBNGM8Vg4SRf.asm to fourth.
2024-05-21 09:48:15,661 INFO:Moved 3UBNSVDERQHw0cGdsWrq.asm to fifth.
2024-05-21 09:48:15,661 INFO:Moved 0zr6vIw74DgVSKXiRUY1.asm to first.
2024-05-21 09:48:15,661 INFO:Moved 0sh9tOC5GprAyciTmaXW.asm to second.
2024-05-21 09:48:15,673 INFO:Moved 86kXs2U1IEtu7d3fvxJY.asm to third.
2024-05-21 09:48:15,676 INFO:Moved 04EjIdbPV5e1XroFOpiN.asm to fourth.
2024-05-21 09:48:15,678 INFO:Moved 5dqijn0zcEPgONTLFRoI.asm to fifth.
2024-05-21 09:48:15,680 INFO:Moved 0fGuCWgTraQ6nEmLPN8q.asm to first.
2024-05-21 09:48:15,680 INFO:Moved 5dmG6aSUptLVBfiJ40ZA.asm to second.
2024-05-21 09:48:15,687 INFO:Moved 06osXqPUVM1HbvBGNncT.asm to third.
2024-05-21 09:48:15,691 INFO:Moved 0TpWNF7ULhd4Yk5bXQyP.asm to fourth.
2024-05-21 09:48:15,693 INFO:Moved 0BFIPv1rO83whtpMYyAs.asm to fifth.
2024-05-21 09:48:15,695 INFO:Moved 2Bd4uWfoseKRLOF7ngE3.asm to first.
2024-05-21 09:48:15,699 INFO:Moved 21l6hcFemsiIapSqw8XO.asm to second.
2024-05-21 09:48:15,699 INFO:Moved 0njs7MJQObCY8ABgykiP.asm to third.
2024-05-21 09:48:15,705 INFO:Moved 0i4ENysvVrgFnbaHUuJK.asm to fourth.
2024-05-21 09:48:15,709 INFO:Moved 0rgi8OfjvwKbA57IXVcE.asm to fifth.
2024-05-21 09:48:15,712 INFO:Moved 0itbI5mjJF28ocTkrUf9.asm to first.
2024-05-21 09:48:15,714 INFO:Moved 5JLHiDhkzyYPdTeuMqXb.asm to second.
2024-05-21 09:48:15,716 INFO:Moved 2g4C03AeqoZR6ctiF1Qr.asm to third.
2024-05-21 09:48:15,721 INFO:Moved 4fYojiJ3XwcILTA6KlWu.asm to fourth.
2024-05-21 09:48:15,725 INFO:Moved 0M7aSiE9csDzkmfKheVt.asm to fifth.
2024-05-21 09:48:15,728 INFO:Moved 0NXFnJyOEhBAISKfiU67.asm to first.
2024-05-21 09:48:15,731 INFO:Moved 0qNtRXvP8F2431bMmpse.asm to second.
2024-05-21 09:48:15,733 INFO:Moved 0MPV9Y8WNcFoyRZqQ76G.asm to third.
2024-05-21 09:48:15,739 INFO:Moved 3WhAuJ8OlUsk2XT0ImiK.asm to fourth.
2024-05-21 09:48:15,741 INFO:Moved 1tO3IYLhvDx6CKoHamQb.asm to fifth.
2024-05-21 09:48:15,744 INFO:Moved 02JqQ7H3yEoD8viYWlmS.asm to first.
2024-05-21 09:48:15,747 INFO:Moved 2icwOdb5xCshnIvMXfy4.asm to second.
2024-05-21 09:48:15,749 INFO:Moved 3dTW6tCkHoQyrBAc2ZmF.asm to third.
2024-05-21 09:48:15,750 INFO:Moved 0IelgX5H2s14KutkEyNU.asm to fourth.
2024-05-21 09:48:15,756 INFO:Moved 0czUXKSCiGY2j5mxLdWa.asm to fifth.
2024-05-21 09:48:15,758 INFO:Moved 0xkbZDBOAicQJK5wC7Pm.asm to first.
2024-05-21 09:48:15,761 INFO:Moved 0URC4HAzJrjWnDVMXF1x.asm to second.
2024-05-21 09:48:15,762 INFO:Moved 0XnPCouGZdhIKliOFQHr.asm to third.
2024-05-21 09:48:15,762 INFO:Moved 81jMeyEZiOpJkCuBlDYg.asm to fourth.
2024-05-21 09:48:15,762 INFO:Moved 2WxJSgf0GbH69yBQt3E7.asm to fifth.
2024-05-21 09:48:15,772 INFO:Moved 1OHzGWXBTlpyVsIPK3kj.asm to first.
2024-05-21 09:48:15,776 INFO:Moved 3mpsxg2FODqCAXHbMKPi.asm to second.
2024-05-21 09:48:15,778 INFO:Moved 2n8uBGd0wsYvgz4UfH59.asm to third.
2024-05-21 09:48:15,779 INFO:Moved 0AnoOZDNbPXIr2MRBSCJ.asm to fourth.
2024-05-21 09:48:15,779 INFO:Moved 0b5LqcWix3J4fGIEhXQu.asm to fifth.
2024-05-21 09:48:15,787 INFO:Moved 1uL0bOdvywrYSTBphUZg.asm to first.
2024-05-21 09:48:15,791 INFO:Moved 0gxJ1YmwFUvnOzoM8N53.asm to second.
2024-05-21 09:48:15,794 INFO:Moved 0eN9lyQfwmTVk7C2ZoYp.asm to third.
2024-05-21 09:48:15,795 INFO:Moved 0ZTEyLXaWReMK3rYVCjv.asm to fourth.
2024-05-21 09:48:15,795 INFO:Moved 0YWidX9hOD5sPrtTvc2M.asm to fifth.
2024-05-21 09:48:15,795 INFO:Moved 1roh5Aw0ELDKyeu6GkIt.asm to first.
2024-05-21 09:48:15,806 INFO:Moved 2AkLpJEONXZSefoC0BgQ.asm to second.
2024-05-21 09:48:15,809 INFO:Moved 02MRILoE6rNhmt7FUi45.asm to third.
2024-05-21 09:48:15,811 INFO:Moved 0TqZzRJOeno9NKpHIba5.asm to fourth.
2024-05-21 09:48:15,813 INFO:Moved 1BDCxE2AMQN9yH6sWdIo.asm to fifth.
2024-05-21 09:48:15,814 INFO:Moved 6JIAcqDxegQoLzdNM91w.asm to first.
2024-05-21 09:48:15,819 INFO:Moved 1CbXMgAIJtiNLR0So9ul.asm to second.
2024-05-21 09:48:15,824 INFO:Moved 28ndZemTJQNPv5rWl9Mq.asm to third.
2024-05-21 09:48:15,826 INFO:Moved 0hH3JB2wM79lYdsyuK5N.asm to fourth.
2024-05-21 09:48:15,828 INFO:Moved 0sM2atqTo48GgnFwhQXu.asm to fifth.
2024-05-21 09:48:15,830 INFO:Moved 0WdoYq78xDkFMcIwRpmJ.asm to first.
2024-05-21 09:48:15,830 INFO:Moved 1pf8sevSo3OYJnhcZX6M.asm to second.
2024-05-21 09:48:15,838 INFO:Moved 0glscKoNakWL84EpunPe.asm to third.
2024-05-21 09:48:15,841 INFO:Moved 6gHI9qzDjmLhd4nWS3oi.asm to fourth.
2024-05-21 09:48:15,843 INFO:Moved 0HICT7RtjaVQzcNOeMgS.asm to fifth.
2024-05-21 09:48:15,845 INFO:Moved 1hAQV0ebMLSgy4ktpfoC.asm to first.
2024-05-21 09:48:15,845 INFO:Moved 0iABvIkp3WHfgrJ79ymq.asm to second.
2024-05-21 09:48:15,853 INFO:Moved 3wNfTntvMkpl8LuY0WPm.asm to third.
2024-05-21 09:48:15,857 INFO:Moved 0QWUChwNSFtlOjr45JpT.asm to fourth.
2024-05-21 09:48:15,860 INFO:Moved 4suKxkVWNqFQZLB5UfXD.asm to fifth.
2024-05-21 09:48:15,862 INFO:Moved 2HAvl4QhqKBGu8cWedtY.asm to first.
2024-05-21 09:48:15,862 INFO:Moved 40KRbGeQZ8PwcUgt5joa.asm to second.
2024-05-21 09:48:15,862 INFO:Moved 0Rgetc1wAfxlzHTGBOa7.asm to third.
2024-05-21 09:48:15,873 INFO:Moved 6nyOgqz1XDCm9QsK4BRv.asm to fourth.
2024-05-21 09:48:15,876 INFO:Moved 1mStzMaQ8RUVBx7TkF4o.asm to fifth.
2024-05-21 09:48:15,877 INFO:Moved 1SH4t9y0IAoE8QP5NvXp.asm to first.
2024-05-21 09:48:15,877 INFO:Moved 0XrH26wcU1ASsvK5ZqhD.asm to second.
2024-05-21 09:48:15,877 INFO:Moved 1FacC02JPfxSdXeD7MEw.asm to third.
2024-05-21 09:48:15,877 INFO:Moved 0SaYqdFRA5G7rfktjT63.asm to fourth.
2024-05-21 09:48:15,890 INFO:Moved 0B2RwKm6dq9fjUWDNIOa.asm to fifth.
2024-05-21 09:48:15,893 INFO:Moved 8wm2jYBqV30okUMfuDCd.asm to first.
2024-05-21 09:48:15,893 INFO:Moved 0UTxRyirCXl6tsSE5GAv.asm to second.
2024-05-21 09:48:15,893 INFO:Moved 6GRw1oqBOEjgbYI093UA.asm to third.
2024-05-21 09:48:15,893 INFO:Moved 1HRWOczEX65rYmMiZ2lv.asm to fourth.
2024-05-21 09:48:15,905 INFO:Moved 6d0uJ9rYK1FcjRimvVNt.asm to fifth.
2024-05-21 09:48:15,908 INFO:Moved 4QCBDTJFskOqox0H8XIL.asm to first.
2024-05-21 09:48:15,909 INFO:Moved 2v5AchX1bsjnKpGg6Vdm.asm to second.
2024-05-21 09:48:15,909 INFO:Moved 3hfRptP5gUEqDHlCkMYX.asm to third.
2024-05-21 09:48:15,909 INFO:Moved 0Iv6U2hbcP1xeBitW5Oo.asm to fourth.
2024-05-21 09:48:15,909 INFO:Moved 74zFPGsnxZX5pqlaVUWY.asm to fifth.
2024-05-21 09:48:15,922 INFO:Moved 1d79vVgNkt4fMjQELaw3.asm to first.
2024-05-21 09:48:15,924 INFO:Moved 1TieqSEpxIa6BmcGFsvM.asm to second.
2024-05-21 09:48:15,924 INFO:Moved 09sXMJUHwQWVanrhzAoT.asm to third.
2024-05-21 09:48:15,924 INFO:Moved 2XiGfo95mCALRbu6KzVY.asm to fourth.
2024-05-21 09:48:15,924 INFO:Moved 1juBrXlSObsai4No5MKL.asm to fifth.
2024-05-21 09:48:15,924 INFO:Moved 4ZBJzEqnW52fFUw0PG3v.asm to first.
2024-05-21 09:48:15,940 INFO:Moved 2QYaRbl5FupqTBEtMrif.asm to second.
2024-05-21 09:48:15,940 INFO:Moved 0meUjiuJvODcf3k9z4Iy.asm to third.
2024-05-21 09:48:15,940 INFO:Moved 18AD5lV4StiZfN0pmdGj.asm to fourth.
2024-05-21 09:48:15,940 INFO:Moved 0tZy7jgOKCIJslPRvrop.asm to fifth.
2024-05-21 09:48:15,940 INFO:Moved 4BqR2fxGsol50irLHIU9.asm to first.
2024-05-21 09:48:15,953 INFO:Moved 9dbFYQ1xN2cm7pSPMhnL.asm to second.
2024-05-21 09:48:15,957 INFO:Moved 14lJRXiAchNqVFSOBLgb.asm to third.
2024-05-21 09:48:15,957 INFO:Moved 0RSW8EmilbznyYPIrgvD.asm to fourth.
2024-05-21 09:48:15,957 INFO:Moved dKcE7Q1zuFViSaDRUtxY.asm to fifth.
2024-05-21 09:48:15,957 INFO:Moved 06arUi9q3wHS2C8RZxeB.asm to first.
2024-05-21 09:48:15,957 INFO:Moved 1PQFYMSBLAO9TmKk2Zhj.asm to second.
2024-05-21 09:48:15,972 INFO:Moved 07nrG1cLKUPxjOlWMFiV.asm to third.
2024-05-21 09:48:15,974 INFO:Moved 0dhL8Jvcswa7U1qHiDS5.asm to fourth.
2024-05-21 09:48:15,974 INFO:Moved 0pLrSeQMbqfCc2IZHUaO.asm to fifth.
2024-05-21 09:48:15,974 INFO:Moved 41o3zDTReYVFtpOB7EWl.asm to first.
2024-05-21 09:48:15,974 INFO:Moved 2HRQ1j0Dx3fv8Ad7n9rg.asm to second.
2024-05-21 09:48:15,974 INFO:Moved 4AlXcLmdg8JIsuxta617.asm to third.
2024-05-21 09:48:15,989 INFO:Moved 2PESUlOCzXpa46su0DeY.asm to fourth.
2024-05-21 09:48:15,990 INFO:Moved 1MnbpHvF3KGLS49yARaJ.asm to fifth.
2024-05-21 09:48:15,990 INFO:Moved GbTUXFYkMoafQSe1zN94.asm to first.
2024-05-21 09:48:15,990 INFO:Moved 1E93CpP60RHFNiT5Qfvn.asm to second.
2024-05-21 09:48:15,990 INFO:Moved 7Tqx4LAfG8hZHivBO0CD.asm to third.
2024-05-21 09:48:15,990 INFO:Moved 0cGWK6VvCkm7O2AxDjtw.asm to fourth.
2024-05-21 09:48:16,006 INFO:Moved 697TFDm0KRiZIgB4pJG1.asm to fifth.
2024-05-21 09:48:16,006 INFO:Moved 2xeFtR57KZvX0JndE1rH.asm to first.
2024-05-21 09:48:16,006 INFO:Moved 6WrBNPTRljxmLahZzo5s.asm to second.
2024-05-21 09:48:16,006 INFO:Moved 0SIqXMkDBWKE8s9pQaOv.asm to third.
2024-05-21 09:48:16,006 INFO:Moved 6FnbGwkoRmj0ltYiPpZE.asm to fourth.
2024-05-21 09:48:16,006 INFO:Moved 0uDV25KpjABxvQ1rXgzT.asm to fifth.
2024-05-21 09:48:16,006 INFO:Moved 1jinhWv67o4ODebAw5Q2.asm to first.
2024-05-21 09:48:16,023 INFO:Moved 1UfOQcbmP40I298aeCpJ.asm to second.
2024-05-21 09:48:16,026 INFO:Moved 2OZkNTqAJ8X61eK4pjhR.asm to third.
2024-05-21 09:48:16,028 INFO:Moved 09CPNMYyQjSguFrE8UOf.asm to fourth.
2024-05-21 09:48:16,031 INFO:Moved 1yIvRAMqz0K6xXPBZfQ8.asm to fifth.
2024-05-21 09:48:16,031 INFO:Moved 1AFY9HiVpuymkQOeoDMU.asm to first.
2024-05-21 09:48:16,036 INFO:Moved 0VfuK267xTdeBcmLaCp1.asm to second.
2024-05-21 09:48:16,041 INFO:Moved 2IOMPurW3V9GQcbh08jE.asm to third.
2024-05-21 09:48:16,044 INFO:Moved 0df4cbsTBCn1VGW8lQRv.asm to fourth.
2024-05-21 09:48:16,045 INFO:Moved 0C4aVbN58O1nAigFJt9z.asm to fifth.
2024-05-21 09:48:16,045 INFO:Moved 0GbMkYlNyt72OzBjIcVh.asm to first.
2024-05-21 09:48:16,045 INFO:Moved 1tzipfyUJACXjZYPBud5.asm to second.
2024-05-21 09:48:16,054 INFO:Moved 30htxi8FRcmfUkInewlS.asm to third.
2024-05-21 09:48:16,059 INFO:Moved 9C7P6vDFXbryOshpKcfn.asm to fourth.
2024-05-21 09:48:16,061 INFO:Moved 0A32eTdBKayjCWhZqDOQ.asm to fifth.
2024-05-21 09:48:16,064 INFO:Moved 0OXtHMVdxJuvezcLRGZQ.asm to first.
2024-05-21 09:48:16,067 INFO:Moved 2cf8jvWxmkMu6s10zbqN.asm to second.
2024-05-21 09:48:16,070 INFO:Moved 0F4qIHaR7xOrm19Set3o.asm to third.
2024-05-21 09:48:16,075 INFO:Moved 0iZTHuQ5KMb4RtAlrz6D.asm to fourth.
2024-05-21 09:48:16,079 INFO:Moved 2Ig4GdWcjlOLQ9YEz6aV.asm to fifth.
2024-05-21 09:48:16,081 INFO:Moved 0gCmlyxw2UJvX7SNOGqu.asm to first.
2024-05-21 09:48:16,084 INFO:Moved 0SHJ2aOnMCUGdLZrTQDV.asm to second.
2024-05-21 09:48:16,089 INFO:Moved 9ftj5a4V8hCr3pTAUiGl.asm to third.
2024-05-21 09:48:16,089 INFO:Moved 0Zb69USnM3qafJTWHCpL.asm to fourth.
2024-05-21 09:48:16,089 INFO:Moved 0gL3h5G6CszBV7RSinjJ.asm to fifth.
2024-05-21 09:48:16,089 INFO:Moved 1TKPznCeQg9cHYflavwb.asm to first.
2024-05-21 09:48:16,089 INFO:Moved 148bgAqCj3NzaHwSP0Gu.asm to second.
2024-05-21 09:48:16,106 INFO:Moved 2naY3OZxS1g8HTqE07ew.asm to third.
2024-05-21 09:48:16,107 INFO:Moved 1soISvrO3ylkfmuaq2UG.asm to fourth.
2024-05-21 09:48:16,107 INFO:Moved 19zYbuW3XONcEedv7xUl.asm to fifth.
2024-05-21 09:48:16,107 INFO:Moved 0Hrfce4X5YGESJPjl9uL.asm to first.
2024-05-21 09:48:16,107 INFO:Moved 4YUVqM7twOzoH2ABPJIi.asm to second.
2024-05-21 09:48:16,107 INFO:Moved FdiEeV3N8WtUSXjmcrxo.asm to third.
2024-05-21 09:48:16,123 INFO:Moved 8kVfT5MmuErjvdPsZxIY.asm to fourth.
2024-05-21 09:48:16,125 INFO:Moved 2YNFrzjaecyUInXCDVmt.asm to fifth.
2024-05-21 09:48:16,125 INFO:Moved 7h32P6rADjMVEQuoOJIB.asm to first.
2024-05-21 09:48:16,125 INFO:Moved 2AloO4fCXKL9DnYdeQUP.asm to second.
2024-05-21 09:48:16,139 INFO:Moved 2jHV3wyk5aDGBs9SFCvW.asm to third.
2024-05-21 09:48:16,142 INFO:Moved 1XtkeS5VmHTrwaRGAzMh.asm to fourth.
2024-05-21 09:48:16,142 INFO:Moved 0LZkc7qeS39TUtVHuJB1.asm to fifth.
2024-05-21 09:48:16,142 INFO:Moved 0HVAnMrp1LjKDmuoOJFY.asm to first.
2024-05-21 09:48:16,142 INFO:Moved 43ErcSLOBzy6upN9gPKG.asm to second.
2024-05-21 09:48:16,156 INFO:Moved 1awXjkTQiJpCeDV7dL8m.asm to third.
2024-05-21 09:48:16,156 INFO:Moved 1nLqk0H5NYdR4OiJ6mob.asm to fourth.
2024-05-21 09:48:16,156 INFO:Moved 3QYwp0UhaluvGBfbmg86.asm to fifth.
2024-05-21 09:48:16,156 INFO:Moved 04QzZ3DVdPsEp9elLR65.asm to first.
2024-05-21 09:48:16,156 INFO:Moved 1libdFwcBaLtXRCmMZGe.asm to second.
2024-05-21 09:48:16,173 INFO:Moved 6cylqphx5sHCm4fYBEdK.asm to third.
2024-05-21 09:48:16,173 INFO:Moved 1AhLOsNdHzDPfJrSXmQC.asm to fourth.
2024-05-21 09:48:16,173 INFO:Moved 2e5P1iKzXugGRBFfOEnc.asm to fifth.
2024-05-21 09:48:16,173 INFO:Moved 4WaGm3PhidQVRopgXz7J.asm to first.
2024-05-21 09:48:16,173 INFO:Moved 5FyHhsqWCcxTkAS7wVlD.asm to second.
2024-05-21 09:48:16,188 INFO:Moved 0p8RCBnvzTYMlId9SoZL.asm to third.
2024-05-21 09:48:16,189 INFO:Moved 08BX5Slp2I1FraZWbc6j.asm to fourth.
2024-05-21 09:48:16,189 INFO:Moved 0gSm7QZu5x6MBvVzUncH.asm to fifth.
2024-05-21 09:48:16,189 INFO:Moved 28U1hRkQ6Yl57493ZdXD.asm to first.
2024-05-21 09:48:16,189 INFO:Moved 1ckp5Ye83yzjIilWQCfm.asm to second.
2024-05-21 09:48:16,204 INFO:Moved 6iSL1WkDHVIUqJzGmnhN.asm to third.
2024-05-21 09:48:16,207 INFO:Moved 2GjiEfvtJrInW9wOkU5e.asm to fourth.
2024-05-21 09:48:16,207 INFO:Moved 2KukNP13McOI6AH0b8op.asm to fifth.
2024-05-21 09:48:16,207 INFO:Moved 5QvCJULkphcYGge78RNs.asm to first.
2024-05-21 09:48:16,207 INFO:Moved 0JPAX13cjxewaTh6tRCi.asm to second.
2024-05-21 09:48:16,207 INFO:Moved 1IGurl3q9bJQ7pmtMD8O.asm to third.
2024-05-21 09:48:16,207 INFO:Moved 13FZ9DOhywk78sJiVULu.asm to fourth.
2024-05-21 09:48:16,224 INFO:Moved 0mfwTlekXE1poYAnqMRO.asm to fifth.
2024-05-21 09:48:16,224 INFO:Moved 60vgAOVtBRdxTMisJw5X.asm to first.
2024-05-21 09:48:16,224 INFO:Moved 35dbDR8KSIwZNAPlcgTi.asm to second.
2024-05-21 09:48:16,224 INFO:Moved 06KfrF7ltESna2ZHPVp5.asm to third.
2024-05-21 09:48:16,224 INFO:Moved 0HKFs3AXTt1IrOl52eVu.asm to fourth.
2024-05-21 09:48:16,224 INFO:Moved 0bjN3Kgw5OATSreRmEdi.asm to fifth.
2024-05-21 09:48:16,239 INFO:Moved 8G30bR6M9dmVXziN1Fxs.asm to first.
2024-05-21 09:48:16,239 INFO:Moved 0xLRN4DuvoCGbjIFQKYB.asm to second.
2024-05-21 09:48:16,239 INFO:Moved 0P6tEopzr2mIhkuOKiCD.asm to third.
2024-05-21 09:48:16,239 INFO:Moved 0jKSsqXVHNucByZ9l6Ao.asm to fourth.
2024-05-21 09:48:16,239 INFO:Moved 0sLBvJeYl5UkiRzV1atI.asm to fifth.
2024-05-21 09:48:16,254 INFO:Moved 0JBNEWmdi7GptrK5qYD9.asm to first.
2024-05-21 09:48:16,257 INFO:Moved 2uPwGIAmqLodYFnNWBa0.asm to second.
2024-05-21 09:48:16,257 INFO:Moved 175ZU8ClOsnifz03ybcX.asm to third.
2024-05-21 09:48:16,257 INFO:Moved 28k1chbvla3x9HorWNnO.asm to fourth.
2024-05-21 09:48:16,257 INFO:Moved 30gAEOLxoS2XGWFa8cTr.asm to fifth.
2024-05-21 09:48:16,257 INFO:Moved 0Q4ALVSRnlHUBjyOb1sw.asm to first.
2024-05-21 09:48:16,274 INFO:Moved 0LQSi5wnRZ3muIs6Mx9E.asm to second.
2024-05-21 09:48:16,274 INFO:Moved 85m4HMaLjpTxtlovqZw0.asm to third.
2024-05-21 09:48:16,274 INFO:Moved 0G4hwobLuAzvl1PWYfmd.asm to fourth.
2024-05-21 09:48:16,274 INFO:Moved 32rcXoa5QI1EmxBFS9he.asm to fifth.
2024-05-21 09:48:16,274 INFO:Moved 1d485UYC6qhXKrAcDJPZ.asm to first.
2024-05-21 09:48:16,274 INFO:Moved 0J2pOclDKjadkL57eroz.asm to second.
2024-05-21 09:48:16,289 INFO:Moved 2YRS507CXWuiFkBefsvx.asm to third.
2024-05-21 09:48:16,290 INFO:Moved 1JuwbkFyUg7T6KfoNEjp.asm to fourth.
2024-05-21 09:48:16,290 INFO:Moved 0YCvp8xd4rjiDMKFV9PA.asm to fifth.
2024-05-21 09:48:16,290 INFO:Moved 0I4ZVvngsAatm8fzD3pk.asm to first.
2024-05-21 09:48:16,290 INFO:Moved 17jNaPkYIgvUyw9HxC5D.asm to second.
2024-05-21 09:48:16,290 INFO:Moved 0DNVFKwYlcjO7bTfJ5p1.asm to third.
2024-05-21 09:48:16,305 INFO:Moved 0jAopX629OwEH8WPkzVU.asm to fourth.
2024-05-21 09:48:16,306 INFO:Moved 0NiOTDde1ktxg954SJFE.asm to fifth.
2024-05-21 09:48:16,306 INFO:Moved 0XSHfwZAgYm7eFVInuDT.asm to first.
2024-05-21 09:48:16,306 INFO:Moved 05EeG39MTRrI6VY21DPd.asm to second.
2024-05-21 09:48:16,306 INFO:Moved 1hK3zVxBGXmtTP6JlHwb.asm to third.
2024-05-21 09:48:16,306 INFO:Moved 2b8y9vDX0GjJnC5qtcom.asm to fourth.
2024-05-21 09:48:16,306 INFO:Moved 3RiBw0ntobeCh5VEQrY1.asm to fifth.
2024-05-21 09:48:16,323 INFO:Moved 0xfjbVBPYX1pSt4rdWOe.asm to first.
2024-05-21 09:48:16,323 INFO:Moved 0HcZRmLi9VTpuQJCoXny.asm to second.
2024-05-21 09:48:16,323 INFO:Moved 3zZpqyclD9B2v5Qas18m.asm to third.
2024-05-21 09:48:16,323 INFO:Moved 0sM6DQlxcP3oAfd9ZVBT.asm to fourth.
2024-05-21 09:48:16,323 INFO:Moved 3Cb9mdkictPwsSOTKUIY.asm to fifth.
2024-05-21 09:48:16,323 INFO:Moved 3CPhpEu8klwsgLmRMeWx.asm to first.
2024-05-21 09:48:16,336 INFO:Moved 0Tw8aQsVxMlZgFDPUm21.asm to second.
2024-05-21 09:48:16,340 INFO:Moved 15tQNEDpb0mi63kfOWM8.asm to third.
2024-05-21 09:48:16,340 INFO:Moved 0MOorvEIRmZGhqQdc3TA.asm to fourth.
2024-05-21 09:48:16,340 INFO:Moved 1gaQlVW56mCk4NxrRhPw.asm to fifth.
2024-05-21 09:48:16,340 INFO:Moved 7cyYPthi5KmvXEs2NkRj.asm to first.
2024-05-21 09:48:16,340 INFO:Moved 6tV2UrOqmFoGua380Rhd.asm to second.
2024-05-21 09:48:16,340 INFO:Moved 1hzZA7JPylptLbxKYOmI.asm to third.
2024-05-21 09:48:16,340 INFO:Moved 0GKzFQ81IYXqUWkmfv26.asm to fourth.
2024-05-21 09:48:16,354 INFO:Moved 29NR1zBEDCPM5xntsdlA.asm to fifth.
2024-05-21 09:48:16,356 INFO:Moved 5mTjuSpdDG8k1IBHaPqY.asm to first.
2024-05-21 09:48:16,359 INFO:Moved 0QIZ6hemJLErWdFlGnCc.asm to second.
2024-05-21 09:48:16,361 INFO:Moved 2qSURceVYgQEhOFAdPXC.asm to third.
2024-05-21 09:48:16,363 INFO:Moved 1RKde4WYoA7c5N8lEHtv.asm to fourth.
2024-05-21 09:48:16,365 INFO:Moved 0yBQ5dAc2gN4qx9YWuiS.asm to fifth.
2024-05-21 09:48:16,367 INFO:Moved 02mlBLHZTDFXGa7Nt6cr.asm to first.
2024-05-21 09:48:16,371 INFO:Moved 1xquodIbFvtDVp6ASGin.asm to second.
2024-05-21 09:48:16,372 INFO:Moved 10oTLIHtSwzCN45DysmQ.asm to third.
2024-05-21 09:48:16,372 INFO:Moved 1S48g5NjfO0arVmqcoU2.asm to fourth.
2024-05-21 09:48:16,372 INFO:Moved 01jsnpXSAlgw6aPeDxrU.asm to fifth.
2024-05-21 09:48:16,372 INFO:Moved 2r0UYLcKCxnRovpj5dlQ.asm to first.
2024-05-21 09:48:16,372 INFO:Moved 6CbnMfItA5py0odwQjPR.asm to second.
2024-05-21 09:48:16,372 INFO:Moved 0hAlkjTR1Q6PewMczavb.asm to third.
2024-05-21 09:48:16,372 INFO:Moved 0pTO4SVnWDehgUlYBAvq.asm to fourth.
2024-05-21 09:48:16,389 INFO:Moved 1ik3ncdBTYIJAgfmjpwz.asm to fifth.
2024-05-21 09:48:16,389 INFO:Moved 3NkDlyOHUWc2Qjzgh9dV.asm to first.
2024-05-21 09:48:16,389 INFO:Moved 0u3DIJTqnpkgl87VSbOL.asm to second.
2024-05-21 09:48:16,389 INFO:Moved 7c06VofO9jp8dkSIunga.asm to third.
2024-05-21 09:48:16,389 INFO:Moved 0wmZBjQenOTsu5bpSkf6.asm to fourth.
2024-05-21 09:48:16,389 INFO:Moved 1QTsYc7DZ2VxmfJFUXhN.asm to fifth.
2024-05-21 09:48:16,389 INFO:Moved 0JAzwGUKORhFQWr3o1dN.asm to first.
2024-05-21 09:48:16,406 INFO:Moved 29WyrbfmNGFBVLoQhg8q.asm to second.
2024-05-21 09:48:16,406 INFO:Moved 05LHG8fR3iPn6agIo9z7.asm to third.
2024-05-21 09:48:16,406 INFO:Moved 1RyBhpeVSJd96rZkEI7w.asm to fourth.
2024-05-21 09:48:16,406 INFO:Moved 0icJrNnmPvDqVQkC3we1.asm to fifth.
2024-05-21 09:48:16,406 INFO:Moved cYb4XuNSqOA9IFLHseG1.asm to first.
2024-05-21 09:48:16,406 INFO:Moved 0UwHZzuXy7GFStRKEgdx.asm to second.
2024-05-21 09:48:16,421 INFO:Moved 04hSzLv5s2TDYPlcgpHB.asm to third.
2024-05-21 09:48:16,423 INFO:Moved 3VdhPHBJMc1nzEyqARWj.asm to fourth.
2024-05-21 09:48:16,423 INFO:Moved 1Z9IPyxXu7q8VlLTRHNG.asm to fifth.
2024-05-21 09:48:16,423 INFO:Moved 065EZhxgbLRSHsB87uIF.asm to first.
2024-05-21 09:48:16,423 INFO:Moved 5JfdLYbqX8oFmD1WTg97.asm to second.
2024-05-21 09:48:16,423 INFO:Moved 0CzL6rfwaTqGOu9eghBt.asm to third.
2024-05-21 09:48:16,423 INFO:Moved 1otbAhISV0yQ7vF6zndx.asm to fourth.
2024-05-21 09:48:16,439 INFO:Moved 0uZcAvaHLitbWmC1QMXf.asm to fifth.
2024-05-21 09:48:16,439 INFO:Moved 7LCKOhHDaXRbcFwxdnz5.asm to first.
2024-05-21 09:48:16,439 INFO:Moved 2WBAlcgeu4zZbTNy713v.asm to second.
2024-05-21 09:48:16,439 INFO:Moved 0zfLRXlhm34ASQUtrdjV.asm to third.
2024-05-21 09:48:16,439 INFO:Moved 2nNeZpSmwzACDiljoXM0.asm to fourth.
2024-05-21 09:48:16,439 INFO:Moved 2pwjzv6eGEb8QmHPfxSc.asm to fifth.
2024-05-21 09:48:16,439 INFO:Moved 0ScbCK2aI4xrwOALDmNd.asm to first.
2024-05-21 09:48:16,456 INFO:Moved 25r7AlY4VJojhNEcOW6x.asm to second.
2024-05-21 09:48:16,456 INFO:Moved 0MpJYhdbf8T7InoqcXr1.asm to third.
2024-05-21 09:48:16,456 INFO:Moved 0XbS5KBuICayhs2p3NTU.asm to fourth.
2024-05-21 09:48:16,456 INFO:Moved 0gWUIudhwovMYb3NSnZA.asm to fifth.
2024-05-21 09:48:16,456 INFO:Moved 0SkbpFZGvraL6fQXTzol.asm to first.
2024-05-21 09:48:16,456 INFO:Moved 2Ie0uQ5UtNfjKsizqSGD.asm to second.
2024-05-21 09:48:16,473 INFO:Moved 0pXDqTLSebKWgaUOdnVE.asm to third.
2024-05-21 09:48:16,473 INFO:Moved 0KigmP9TLwJXNGz26tfO.asm to fourth.
2024-05-21 09:48:16,473 INFO:Moved 1pjg7bvn9oxqzCOPN2kZ.asm to fifth.
2024-05-21 09:48:16,473 INFO:Moved 1aAwe4J9VHrsq8uEoZhf.asm to first.
2024-05-21 09:48:16,473 INFO:Moved 295nPpgmDUkQw4TScqfh.asm to second.
2024-05-21 09:48:16,473 INFO:Moved 1aDvVlWtPApk6EuKLdCG.asm to third.
2024-05-21 09:48:16,487 INFO:Moved 0mgFnqeLAMr7jthUYRTv.asm to fourth.
2024-05-21 09:48:16,489 INFO:Moved 2yqweuZUFLQlVj54MgY1.asm to fifth.
2024-05-21 09:48:16,489 INFO:Moved 2bdEFfrZnB04XGIDig3t.asm to first.
2024-05-21 09:48:16,489 INFO:Moved hrguW0CqMt2mJdfvX8IB.asm to second.
2024-05-21 09:48:16,489 INFO:Moved 4c3h7j0QyqIgnKFzA5vR.asm to third.
2024-05-21 09:48:16,489 INFO:Moved 6PG57gUmE2rLebCBTMno.asm to fourth.
2024-05-21 09:48:16,489 INFO:Moved 0evDQX7AVfC1ZTJEKltg.asm to fifth.
2024-05-21 09:48:16,504 INFO:Moved 2oMjFb1UfIym9ZgxDPqG.asm to first.
2024-05-21 09:48:16,506 INFO:Moved 6VNXsCD0lueo1nw3KO5M.asm to second.
2024-05-21 09:48:16,506 INFO:Moved 1h0FDrPmV7gfCzs9Id43.asm to third.
2024-05-21 09:48:16,506 INFO:Moved 1AvCEkV76rjuYp9aqPbK.asm to fourth.
2024-05-21 09:48:16,506 INFO:Moved 0JnvoeflBWwIcQa5GEPK.asm to fifth.
2024-05-21 09:48:16,506 INFO:Moved 1KCvMqIFUoaB6wfOc2xQ.asm to first.
2024-05-21 09:48:16,506 INFO:Moved ei0C84XpoqcAS6v5ZExI.asm to second.
2024-05-21 09:48:16,521 INFO:Moved 0R3rxkTidWOuPI5MUbL6.asm to third.
2024-05-21 09:48:16,523 INFO:Moved 0aVNj3qFgEZI6Akf4Kuv.asm to fourth.
2024-05-21 09:48:16,523 INFO:Moved 04BfoQRA6XEshiNuI7pF.asm to fifth.
2024-05-21 09:48:16,523 INFO:Moved 1dJWqVSQnsAKBXNkgy6j.asm to first.
2024-05-21 09:48:16,523 INFO:Moved 0giIqhw6e4mrHYzKFl8T.asm to second.
2024-05-21 09:48:16,523 INFO:Moved 25JcvPNOIBXgSrAEtpUy.asm to third.
2024-05-21 09:48:16,523 INFO:Moved 0csgzpwdL3FbZEJu6DjO.asm to fourth.
2024-05-21 09:48:16,538 INFO:Moved 16KuXyrdDOCWGhc7P4kL.asm to fifth.
2024-05-21 09:48:16,540 INFO:Moved 0aKlH1MRxLmv34QGhEJP.asm to first.
2024-05-21 09:48:16,540 INFO:Moved 0GVcTdBQXWUJ2t7vjphN.asm to second.
2024-05-21 09:48:16,540 INFO:Moved BKXtxeYlLsprabEWIQhn.asm to third.
2024-05-21 09:48:16,540 INFO:Moved 0H5OFklQm7wAPfE1qaJY.asm to fourth.
2024-05-21 09:48:16,540 INFO:Moved 5z4RdEK3fJleayugmjqH.asm to fifth.
2024-05-21 09:48:16,540 INFO:Moved fyH8oWql4rg7tEJSLpIB.asm to first.
2024-05-21 09:48:16,557 INFO:Moved 3yALVj1gQbw6HfK4WMvl.asm to second.
2024-05-21 09:48:16,557 INFO:Moved 0uNkt6sirCnUWw175pjl.asm to third.
2024-05-21 09:48:16,557 INFO:Moved 1zOQywEgDm4CquxkWrJd.asm to fourth.
2024-05-21 09:48:16,557 INFO:Moved 0co46B8IkPt2UN3HSaw7.asm to fifth.
2024-05-21 09:48:16,572 INFO:Moved 1JiaRhjycfZb8BpmX4TM.asm to first.
2024-05-21 09:48:16,575 INFO:Moved 1jex6QUgvfsViWcLJdX4.asm to second.
2024-05-21 09:48:16,578 INFO:Moved 1iTgmuEOkVaUnhClz2JL.asm to third.
2024-05-21 09:48:16,581 INFO:Moved 2v8l9FWbJZg4G7MCNB6r.asm to fourth.
2024-05-21 09:48:16,583 INFO:Moved 0VnTurd7B4YsH63wUGJ2.asm to fifth.
2024-05-21 09:48:16,584 INFO:Moved 3HJ4foTSEmRz6jXPwg58.asm to first.
2024-05-21 09:48:16,594 INFO:Moved 0fxgjYEClPL1BDbcshzJ.asm to second.
2024-05-21 09:48:16,596 INFO:Moved 35B8Vh0Q9k4STsiCtKx2.asm to third.
2024-05-21 09:48:16,598 INFO:Moved 18A9fzqbeyripCSuLKo4.asm to fourth.
2024-05-21 09:48:16,601 INFO:Moved 2rRK7lxiQhSD4B6a9uEI.asm to fifth.
2024-05-21 09:48:16,604 INFO:Moved 2qAtoGOuMQZdmH3y7bEY.asm to first.
2024-05-21 09:48:16,609 INFO:Moved 0DbLeKSoxu47wjqVHsi9.asm to second.
2024-05-21 09:48:16,609 INFO:Moved 7LRvGWSE3hKjZlcVgemq.asm to third.
2024-05-21 09:48:16,609 INFO:Moved 5QOWxyz7oqf9T6KIBDbk.asm to fourth.
2024-05-21 09:48:16,609 INFO:Moved 0RlWbvBk9rEtVZ74KAen.asm to fifth.
2024-05-21 09:48:16,619 INFO:Moved 27V4S1ncC3fj0gitGuDI.asm to first.
2024-05-21 09:48:16,625 INFO:Moved 0KZFcsOYR4MdPJf6VvGS.asm to second.
2024-05-21 09:48:16,626 INFO:Moved 0KLUAMqmPJhOwaYrbSCE.asm to third.
2024-05-21 09:48:16,626 INFO:Moved 508Uk9z1gvCtucARFWG3.asm to fourth.
2024-05-21 09:48:16,626 INFO:Moved 0rlkeuBLpWm15TyFRHUJ.asm to fifth.
2024-05-21 09:48:16,641 INFO:Moved 1PBLNzoZlUuWEvAt8MHq.asm to first.
2024-05-21 09:48:16,647 INFO:Moved 1zVtBw2rdTN9j7a4xZE0.asm to second.
2024-05-21 09:48:16,657 INFO:Moved 4Eo8QvuZFWCBR6i0rhs7.asm to third.
2024-05-21 09:48:16,661 INFO:Moved 0PVAd2O4lMGUbawzfXBT.asm to fourth.
2024-05-21 09:48:16,664 INFO:Moved 27sRSvhiI1wEBfnGMtUo.asm to fifth.
2024-05-21 09:48:16,667 INFO:Moved 4cPt7qBs9CEIgNkhRXKM.asm to first.
2024-05-21 09:48:16,674 INFO:Moved 7J4un8UNCgcPYmzsyxZI.asm to second.
2024-05-21 10:18:37,398 INFO:Using categorical units to plot a list of strings that are all parsable as floats or dates. If these strings should be plotted as numbers, cast to the appropriate data type before plotting.
2024-05-21 10:18:37,404 INFO:Using categorical units to plot a list of strings that are all parsable as floats or dates. If these strings should be plotted as numbers, cast to the appropriate data type before plotting.
2024-05-21 10:26:52,080 INFO:Using categorical units to plot a list of strings that are all parsable as floats or dates. If these strings should be plotted as numbers, cast to the appropriate data type before plotting.
2024-05-21 10:26:52,086 INFO:Using categorical units to plot a list of strings that are all parsable as floats or dates. If these strings should be plotted as numbers, cast to the appropriate data type before plotting.
2024-05-21 10:27:57,154 INFO:Using categorical units to plot a list of strings that are all parsable as floats or dates. If these strings should be plotted as numbers, cast to the appropriate data type before plotting.
2024-05-21 10:27:57,154 INFO:Using categorical units to plot a list of strings that are all parsable as floats or dates. If these strings should be plotted as numbers, cast to the appropriate data type before plotting.
2024-05-21 10:28:00,354 INFO:Using categorical units to plot a list of strings that are all parsable as floats or dates. If these strings should be plotted as numbers, cast to the appropriate data type before plotting.
2024-05-21 10:28:00,359 INFO:Using categorical units to plot a list of strings that are all parsable as floats or dates. If these strings should be plotted as numbers, cast to the appropriate data type before plotting.
2024-05-21 10:28:02,889 INFO:Using categorical units to plot a list of strings that are all parsable as floats or dates. If these strings should be plotted as numbers, cast to the appropriate data type before plotting.
2024-05-21 10:28:02,899 INFO:Using categorical units to plot a list of strings that are all parsable as floats or dates. If these strings should be plotted as numbers, cast to the appropriate data type before plotting.
2024-05-21 10:28:05,890 INFO:Using categorical units to plot a list of strings that are all parsable as floats or dates. If these strings should be plotted as numbers, cast to the appropriate data type before plotting.
2024-05-21 10:28:05,898 INFO:Using categorical units to plot a list of strings that are all parsable as floats or dates. If these strings should be plotted as numbers, cast to the appropriate data type before plotting.
2024-05-21 10:28:08,791 INFO:Using categorical units to plot a list of strings that are all parsable as floats or dates. If these strings should be plotted as numbers, cast to the appropriate data type before plotting.
2024-05-21 10:28:08,797 INFO:Using categorical units to plot a list of strings that are all parsable as floats or dates. If these strings should be plotted as numbers, cast to the appropriate data type before plotting.
2024-05-21 10:28:11,690 INFO:Using categorical units to plot a list of strings that are all parsable as floats or dates. If these strings should be plotted as numbers, cast to the appropriate data type before plotting.
2024-05-21 10:28:11,698 INFO:Using categorical units to plot a list of strings that are all parsable as floats or dates. If these strings should be plotted as numbers, cast to the appropriate data type before plotting.
2024-05-21 10:28:14,588 INFO:Using categorical units to plot a list of strings that are all parsable as floats or dates. If these strings should be plotted as numbers, cast to the appropriate data type before plotting.
2024-05-21 10:28:14,596 INFO:Using categorical units to plot a list of strings that are all parsable as floats or dates. If these strings should be plotted as numbers, cast to the appropriate data type before plotting.
2024-05-21 10:28:17,242 INFO:Using categorical units to plot a list of strings that are all parsable as floats or dates. If these strings should be plotted as numbers, cast to the appropriate data type before plotting.
2024-05-21 10:28:17,249 INFO:Using categorical units to plot a list of strings that are all parsable as floats or dates. If these strings should be plotted as numbers, cast to the appropriate data type before plotting.
2024-05-21 10:31:39,793 DEBUG:locator: <matplotlib.ticker.FixedLocator object at 0x0000020DF93A7740>
2024-05-21 10:31:39,793 DEBUG:colorbar update normal <matplotlib.colors.Normalize object at 0x0000020E12EA2660> <matplotlib.colors.Normalize object at 0x0000020E12EA2660>
2024-05-21 10:31:39,793 DEBUG:locator: <matplotlib.ticker.FixedLocator object at 0x0000020DF93A7740>
2024-05-21 10:32:17,232 DEBUG:locator: <matplotlib.ticker.FixedLocator object at 0x0000020E12EAB830>
2024-05-21 10:32:17,232 DEBUG:colorbar update normal <matplotlib.colors.Normalize object at 0x0000020E12EA8920> <matplotlib.colors.Normalize object at 0x0000020E12EA8920>
2024-05-21 10:32:17,232 DEBUG:locator: <matplotlib.ticker.FixedLocator object at 0x0000020E12EAB830>
2024-05-21 10:34:27,111 DEBUG:locator: <matplotlib.ticker.AutoLocator object at 0x0000020E12739700>
2024-05-21 10:34:27,559 DEBUG:locator: <matplotlib.ticker.AutoLocator object at 0x0000020E1254BB00>
2024-05-21 10:34:28,290 DEBUG:locator: <matplotlib.ticker.AutoLocator object at 0x0000020DF954F4A0>
2024-05-21 10:35:28,342 DEBUG:locator: <matplotlib.ticker.AutoLocator object at 0x0000020DF967F680>
2024-05-21 10:35:28,684 DEBUG:locator: <matplotlib.ticker.AutoLocator object at 0x0000020E12EBCCE0>
2024-05-21 10:35:29,140 DEBUG:locator: <matplotlib.ticker.AutoLocator object at 0x0000020DF9543CB0>
2024-05-21 10:42:22,353 DEBUG:locator: <matplotlib.ticker.AutoLocator object at 0x0000020E14BD1160>
2024-05-21 10:42:23,654 DEBUG:locator: <matplotlib.ticker.AutoLocator object at 0x0000020E1264E3F0>
2024-05-21 10:42:25,978 DEBUG:locator: <matplotlib.ticker.AutoLocator object at 0x0000020DF9ACD760>
2024-05-21 10:58:15,892 INFO:Using categorical units to plot a list of strings that are all parsable as floats or dates. If these strings should be plotted as numbers, cast to the appropriate data type before plotting.
2024-05-21 10:58:15,900 INFO:Using categorical units to plot a list of strings that are all parsable as floats or dates. If these strings should be plotted as numbers, cast to the appropriate data type before plotting.
2024-05-21 10:58:33,448 INFO:Using categorical units to plot a list of strings that are all parsable as floats or dates. If these strings should be plotted as numbers, cast to the appropriate data type before plotting.
2024-05-21 10:58:33,461 INFO:Using categorical units to plot a list of strings that are all parsable as floats or dates. If these strings should be plotted as numbers, cast to the appropriate data type before plotting.
2024-05-21 10:58:36,255 INFO:Using categorical units to plot a list of strings that are all parsable as floats or dates. If these strings should be plotted as numbers, cast to the appropriate data type before plotting.
2024-05-21 10:58:36,264 INFO:Using categorical units to plot a list of strings that are all parsable as floats or dates. If these strings should be plotted as numbers, cast to the appropriate data type before plotting.
2024-05-21 10:58:38,521 INFO:Using categorical units to plot a list of strings that are all parsable as floats or dates. If these strings should be plotted as numbers, cast to the appropriate data type before plotting.
2024-05-21 10:58:38,530 INFO:Using categorical units to plot a list of strings that are all parsable as floats or dates. If these strings should be plotted as numbers, cast to the appropriate data type before plotting.
2024-05-21 10:58:40,741 INFO:Using categorical units to plot a list of strings that are all parsable as floats or dates. If these strings should be plotted as numbers, cast to the appropriate data type before plotting.
2024-05-21 10:58:40,745 INFO:Using categorical units to plot a list of strings that are all parsable as floats or dates. If these strings should be plotted as numbers, cast to the appropriate data type before plotting.
2024-05-21 10:58:43,374 INFO:Using categorical units to plot a list of strings that are all parsable as floats or dates. If these strings should be plotted as numbers, cast to the appropriate data type before plotting.
2024-05-21 10:58:43,380 INFO:Using categorical units to plot a list of strings that are all parsable as floats or dates. If these strings should be plotted as numbers, cast to the appropriate data type before plotting.
2024-05-21 10:58:48,091 INFO:Using categorical units to plot a list of strings that are all parsable as floats or dates. If these strings should be plotted as numbers, cast to the appropriate data type before plotting.
2024-05-21 10:58:48,100 INFO:Using categorical units to plot a list of strings that are all parsable as floats or dates. If these strings should be plotted as numbers, cast to the appropriate data type before plotting.
2024-05-21 10:58:52,301 INFO:Using categorical units to plot a list of strings that are all parsable as floats or dates. If these strings should be plotted as numbers, cast to the appropriate data type before plotting.
2024-05-21 10:58:52,310 INFO:Using categorical units to plot a list of strings that are all parsable as floats or dates. If these strings should be plotted as numbers, cast to the appropriate data type before plotting.
2024-05-21 10:58:54,412 INFO:Using categorical units to plot a list of strings that are all parsable as floats or dates. If these strings should be plotted as numbers, cast to the appropriate data type before plotting.
2024-05-21 10:58:54,418 INFO:Using categorical units to plot a list of strings that are all parsable as floats or dates. If these strings should be plotted as numbers, cast to the appropriate data type before plotting.
2024-05-21 10:58:56,949 INFO:Using categorical units to plot a list of strings that are all parsable as floats or dates. If these strings should be plotted as numbers, cast to the appropriate data type before plotting.
2024-05-21 10:58:56,957 INFO:Using categorical units to plot a list of strings that are all parsable as floats or dates. If these strings should be plotted as numbers, cast to the appropriate data type before plotting.
2024-05-21 10:59:05,268 DEBUG:locator: <matplotlib.ticker.FixedLocator object at 0x0000020E162EEEA0>
2024-05-21 10:59:05,269 DEBUG:colorbar update normal <matplotlib.colors.Normalize object at 0x0000020E1C0EB7D0> <matplotlib.colors.Normalize object at 0x0000020E1C0EB7D0>
2024-05-21 10:59:05,272 DEBUG:locator: <matplotlib.ticker.FixedLocator object at 0x0000020E162EEEA0>
2024-05-21 10:59:12,632 DEBUG:locator: <matplotlib.ticker.FixedLocator object at 0x0000020E1C075D90>
2024-05-21 10:59:12,632 DEBUG:colorbar update normal <matplotlib.colors.Normalize object at 0x0000020E1278E6F0> <matplotlib.colors.Normalize object at 0x0000020E1278E6F0>
2024-05-21 10:59:12,648 DEBUG:locator: <matplotlib.ticker.FixedLocator object at 0x0000020E1C075D90>
2024-05-21 10:59:26,140 DEBUG:locator: <matplotlib.ticker.AutoLocator object at 0x0000020E163A0320>
2024-05-21 10:59:26,657 DEBUG:locator: <matplotlib.ticker.AutoLocator object at 0x0000020DF2F355B0>
2024-05-21 10:59:27,149 DEBUG:locator: <matplotlib.ticker.AutoLocator object at 0x0000020E16451460>
2024-05-21 10:59:36,674 DEBUG:locator: <matplotlib.ticker.AutoLocator object at 0x0000020E12ECF560>
2024-05-21 10:59:37,476 DEBUG:locator: <matplotlib.ticker.AutoLocator object at 0x0000020E1C37C260>
2024-05-21 10:59:37,933 DEBUG:locator: <matplotlib.ticker.AutoLocator object at 0x0000020E1C23BFE0>
2024-05-21 11:02:06,022 DEBUG:locator: <matplotlib.ticker.AutoLocator object at 0x0000020E140F32F0>
2024-05-21 11:02:06,541 DEBUG:locator: <matplotlib.ticker.AutoLocator object at 0x0000020DF93A4AA0>
2024-05-21 11:02:07,379 DEBUG:locator: <matplotlib.ticker.AutoLocator object at 0x0000020DF92405C0>
2024-05-21 11:06:05,160 DEBUG:locator: <matplotlib.ticker.AutoLocator object at 0x0000020DF6785E80>
2024-05-21 11:06:05,549 DEBUG:locator: <matplotlib.ticker.AutoLocator object at 0x0000020E1C351E80>
2024-05-21 11:06:05,892 DEBUG:locator: <matplotlib.ticker.AutoLocator object at 0x0000020E1C1D27E0>
